Connecting to database specified by database.yml


Started GET "/" for 127.0.0.1 at 2013-12-12 13:40:36 -0700
Processing by WelcomeController#index as HTML
  Rendered welcome/index.html.erb within layouts/application (10.5ms)
Compiled twitter-bootstrap-static/bootstrap.css  (70ms)  (pid 59579)
Compiled twitter-bootstrap-static/fontawesome.css  (15ms)  (pid 59579)
Compiled bootstrap_and_overrides.css  (145ms)  (pid 59579)
Compiled datepicker.css  (0ms)  (pid 59579)
Compiled autocomplete.css  (0ms)  (pid 59579)
Compiled bootstrap_and_overrides.css  (1093ms)  (pid 59579)
Compiled elements.css  (1ms)  (pid 59579)
Compiled error_reports.css  (19ms)  (pid 59579)
Compiled scaffolds.css  (8ms)  (pid 59579)
Compiled theme.css  (0ms)  (pid 59579)
Compiled application.css  (1345ms)  (pid 59579)
Compiled jquery.js  (6ms)  (pid 59579)
Compiled jquery_ujs.js  (0ms)  (pid 59579)
Compiled jquery-ui.js  (63ms)  (pid 59579)
Compiled autocomplete-rails.js  (1ms)  (pid 59579)
Compiled twitter/bootstrap/bootstrap-transition.js  (1ms)  (pid 59579)
Compiled twitter/bootstrap/bootstrap-alert.js  (1ms)  (pid 59579)
Compiled twitter/bootstrap/bootstrap-modal.js  (1ms)  (pid 59579)
Compiled twitter/bootstrap/bootstrap-dropdown.js  (0ms)  (pid 59579)
Compiled twitter/bootstrap/bootstrap-scrollspy.js  (0ms)  (pid 59579)
Compiled twitter/bootstrap/bootstrap-tab.js  (1ms)  (pid 59579)
Compiled twitter/bootstrap/bootstrap-tooltip.js  (0ms)  (pid 59579)
Compiled twitter/bootstrap/bootstrap-popover.js  (0ms)  (pid 59579)
Compiled twitter/bootstrap/bootstrap-button.js  (0ms)  (pid 59579)
Compiled twitter/bootstrap/bootstrap-collapse.js  (0ms)  (pid 59579)
Compiled twitter/bootstrap/bootstrap-carousel.js  (0ms)  (pid 59579)
Compiled twitter/bootstrap/bootstrap-typeahead.js  (0ms)  (pid 59579)
Compiled twitter/bootstrap/bootstrap-affix.js  (0ms)  (pid 59579)
Compiled twitter/bootstrap.js  (158ms)  (pid 59579)
Compiled jquery_nested_form.js  (0ms)  (pid 59579)
Compiled ckeditor/basepath.js  (1ms)  (pid 59579)
Compiled ckeditor/ckeditor.js  (49ms)  (pid 59579)
Compiled ckeditor/jquery.js  (0ms)  (pid 59579)
Compiled ckeditor-jquery.js  (110ms)  (pid 59579)
Compiled bootstrap-datepicker.js  (1ms)  (pid 59579)
Compiled application.js  (637ms)  (pid 59579)
  Rendered devise/shared/_links.erb (2.7ms)
  Rendered devise/shared/_client_links.html.erb (2.9ms)
Completed 200 OK in 32250ms (Views: 32238.2ms | ActiveRecord: 0.0ms)


Started GET "/assets/twitter-bootstrap-static/bootstrap.css?body=1" for 127.0.0.1 at 2013-12-12 13:41:09 -0700
Served asset /twitter-bootstrap-static/bootstrap.css - 304 Not Modified (39ms)


Started GET "/assets/twitter-bootstrap-static/fontawesome.css?body=1" for 127.0.0.1 at 2013-12-12 13:41:09 -0700
Served asset /twitter-bootstrap-static/fontawesome.css - 304 Not Modified (120ms)


Started GET "/assets/bootstrap_and_overrides.css?body=1" for 127.0.0.1 at 2013-12-12 13:41:10 -0700
Served asset /bootstrap_and_overrides.css - 304 Not Modified (5ms)


Started GET "/assets/datepicker.css?body=1" for 127.0.0.1 at 2013-12-12 13:41:10 -0700
Served asset /datepicker.css - 304 Not Modified (51ms)


Started GET "/assets/autocomplete.css?body=1" for 127.0.0.1 at 2013-12-12 13:41:10 -0700
Served asset /autocomplete.css - 304 Not Modified (18ms)


Started GET "/assets/elements.css?body=1" for 127.0.0.1 at 2013-12-12 13:41:10 -0700
Served asset /elements.css - 304 Not Modified (26ms)


Started GET "/assets/error_reports.css?body=1" for 127.0.0.1 at 2013-12-12 13:41:10 -0700
Served asset /error_reports.css - 304 Not Modified (29ms)


Started GET "/assets/scaffolds.css?body=1" for 127.0.0.1 at 2013-12-12 13:41:10 -0700
Served asset /scaffolds.css - 304 Not Modified (10ms)


Started GET "/assets/theme.css?body=1" for 127.0.0.1 at 2013-12-12 13:41:10 -0700
Served asset /theme.css - 304 Not Modified (53ms)


Started GET "/assets/jquery.js?body=1" for 127.0.0.1 at 2013-12-12 13:41:10 -0700
Served asset /jquery.js - 304 Not Modified (640ms)


Started GET "/assets/jquery_ujs.js?body=1" for 127.0.0.1 at 2013-12-12 13:41:11 -0700
Served asset /jquery_ujs.js - 304 Not Modified (97ms)


Started GET "/assets/jquery-ui.js?body=1" for 127.0.0.1 at 2013-12-12 13:41:11 -0700
Served asset /jquery-ui.js - 304 Not Modified (108ms)


Started GET "/assets/autocomplete-rails.js?body=1" for 127.0.0.1 at 2013-12-12 13:41:11 -0700
Served asset /autocomplete-rails.js - 304 Not Modified (1ms)


Started GET "/assets/twitter/bootstrap/bootstrap-transition.js?body=1" for 127.0.0.1 at 2013-12-12 13:41:11 -0700
Served asset /twitter/bootstrap/bootstrap-transition.js - 304 Not Modified (18ms)


Started GET "/assets/twitter/bootstrap/bootstrap-alert.js?body=1" for 127.0.0.1 at 2013-12-12 13:41:11 -0700
Served asset /twitter/bootstrap/bootstrap-alert.js - 304 Not Modified (4ms)


Started GET "/assets/twitter/bootstrap/bootstrap-modal.js?body=1" for 127.0.0.1 at 2013-12-12 13:41:11 -0700
Served asset /twitter/bootstrap/bootstrap-modal.js - 304 Not Modified (11ms)


Started GET "/assets/twitter/bootstrap/bootstrap-dropdown.js?body=1" for 127.0.0.1 at 2013-12-12 13:41:11 -0700
Served asset /twitter/bootstrap/bootstrap-dropdown.js - 304 Not Modified (3ms)


Started GET "/assets/twitter/bootstrap/bootstrap-scrollspy.js?body=1" for 127.0.0.1 at 2013-12-12 13:41:11 -0700
Served asset /twitter/bootstrap/bootstrap-scrollspy.js - 304 Not Modified (58ms)


Started GET "/assets/twitter/bootstrap/bootstrap-tab.js?body=1" for 127.0.0.1 at 2013-12-12 13:41:11 -0700
Served asset /twitter/bootstrap/bootstrap-tab.js - 304 Not Modified (22ms)


Started GET "/assets/twitter/bootstrap/bootstrap-tooltip.js?body=1" for 127.0.0.1 at 2013-12-12 13:41:12 -0700
Served asset /twitter/bootstrap/bootstrap-tooltip.js - 304 Not Modified (39ms)


Started GET "/assets/twitter/bootstrap/bootstrap-popover.js?body=1" for 127.0.0.1 at 2013-12-12 13:41:12 -0700
Served asset /twitter/bootstrap/bootstrap-popover.js - 304 Not Modified (3ms)


Started GET "/assets/twitter/bootstrap/bootstrap-button.js?body=1" for 127.0.0.1 at 2013-12-12 13:41:12 -0700
Served asset /twitter/bootstrap/bootstrap-button.js - 304 Not Modified (4ms)


Started GET "/assets/twitter/bootstrap/bootstrap-collapse.js?body=1" for 127.0.0.1 at 2013-12-12 13:41:12 -0700
Served asset /twitter/bootstrap/bootstrap-collapse.js - 304 Not Modified (3ms)


Started GET "/assets/twitter/bootstrap/bootstrap-carousel.js?body=1" for 127.0.0.1 at 2013-12-12 13:41:12 -0700
Served asset /twitter/bootstrap/bootstrap-carousel.js - 304 Not Modified (41ms)


Started GET "/assets/twitter/bootstrap/bootstrap-typeahead.js?body=1" for 127.0.0.1 at 2013-12-12 13:41:12 -0700
Served asset /twitter/bootstrap/bootstrap-typeahead.js - 304 Not Modified (3ms)


Started GET "/assets/twitter/bootstrap/bootstrap-affix.js?body=1" for 127.0.0.1 at 2013-12-12 13:41:12 -0700
Served asset /twitter/bootstrap/bootstrap-affix.js - 304 Not Modified (3ms)


Started GET "/assets/twitter/bootstrap.js?body=1" for 127.0.0.1 at 2013-12-12 13:41:12 -0700
Served asset /twitter/bootstrap.js - 304 Not Modified (11ms)


Started GET "/assets/jquery_nested_form.js?body=1" for 127.0.0.1 at 2013-12-12 13:41:12 -0700
Served asset /jquery_nested_form.js - 304 Not Modified (20ms)


Started GET "/assets/ckeditor-jquery.js?body=1" for 127.0.0.1 at 2013-12-12 13:41:12 -0700
Served asset /ckeditor-jquery.js - 304 Not Modified (465ms)


Started GET "/assets/bootstrap-datepicker.js?body=1" for 127.0.0.1 at 2013-12-12 13:41:12 -0700
Served asset /bootstrap-datepicker.js - 304 Not Modified (88ms)


Started GET "/assets/logo.png" for 127.0.0.1 at 2013-12-12 13:41:16 -0700
Served asset /logo.png - 304 Not Modified (21ms)


Started GET "/devise/sessions/sign_in" for 127.0.0.1 at 2013-12-12 13:41:50 -0700

ActionController::RoutingError (No route matches [GET] "/devise/sessions/sign_in"):
  actionpack (3.2.11) lib/action_dispatch/middleware/debug_exceptions.rb:21:in `call'
  actionpack (3.2.11) lib/action_dispatch/middleware/show_exceptions.rb:56:in `call'
  railties (3.2.11) lib/rails/rack/logger.rb:32:in `call_app'
  railties (3.2.11) lib/rails/rack/logger.rb:16:in `block in call'
  activesupport (3.2.11) lib/active_support/tagged_logging.rb:22:in `tagged'
  railties (3.2.11) lib/rails/rack/logger.rb:16:in `call'
  actionpack (3.2.11) lib/action_dispatch/middleware/request_id.rb:22:in `call'
  rack (1.4.5) lib/rack/methodoverride.rb:21:in `call'
  rack (1.4.5) lib/rack/runtime.rb:17:in `call'
  activesupport (3.2.11) lib/active_support/cache/strategy/local_cache.rb:72:in `call'
  rack (1.4.5) lib/rack/lock.rb:15:in `call'
  actionpack (3.2.11) lib/action_dispatch/middleware/static.rb:62:in `call'
  railties (3.2.11) lib/rails/engine.rb:479:in `call'
  railties (3.2.11) lib/rails/application.rb:223:in `call'
  rack (1.4.5) lib/rack/content_length.rb:14:in `call'
  railties (3.2.11) lib/rails/rack/log_tailer.rb:17:in `call'
  thin (1.5.1) lib/thin/connection.rb:81:in `block in pre_process'
  thin (1.5.1) lib/thin/connection.rb:79:in `catch'
  thin (1.5.1) lib/thin/connection.rb:79:in `pre_process'
  thin (1.5.1) lib/thin/connection.rb:54:in `process'
  thin (1.5.1) lib/thin/connection.rb:39:in `receive_data'
  eventmachine (1.0.3) lib/eventmachine.rb:187:in `run_machine'
  eventmachine (1.0.3) lib/eventmachine.rb:187:in `run'
  thin (1.5.1) lib/thin/backends/base.rb:63:in `start'
  thin (1.5.1) lib/thin/server.rb:159:in `start'
  rack (1.4.5) lib/rack/handler/thin.rb:13:in `run'
  rack (1.4.5) lib/rack/server.rb:268:in `start'
  railties (3.2.11) lib/rails/commands/server.rb:70:in `start'
  railties (3.2.11) lib/rails/commands.rb:55:in `block in <top (required)>'
  railties (3.2.11) lib/rails/commands.rb:50:in `tap'
  railties (3.2.11) lib/rails/commands.rb:50:in `<top (required)>'
  script/rails:6:in `require'
  script/rails:6:in `<main>'


  Rendered /Users/alejandro/.rvm/gems/ruby-2.0.0-p247/gems/actionpack-3.2.11/lib/action_dispatch/middleware/templates/rescues/routing_error.erb within rescues/layout (0.6ms)


Started GET "/users/sessions/sign_in" for 127.0.0.1 at 2013-12-12 13:41:56 -0700

ActionController::RoutingError (No route matches [GET] "/users/sessions/sign_in"):
  actionpack (3.2.11) lib/action_dispatch/middleware/debug_exceptions.rb:21:in `call'
  actionpack (3.2.11) lib/action_dispatch/middleware/show_exceptions.rb:56:in `call'
  railties (3.2.11) lib/rails/rack/logger.rb:32:in `call_app'
  railties (3.2.11) lib/rails/rack/logger.rb:16:in `block in call'
  activesupport (3.2.11) lib/active_support/tagged_logging.rb:22:in `tagged'
  railties (3.2.11) lib/rails/rack/logger.rb:16:in `call'
  actionpack (3.2.11) lib/action_dispatch/middleware/request_id.rb:22:in `call'
  rack (1.4.5) lib/rack/methodoverride.rb:21:in `call'
  rack (1.4.5) lib/rack/runtime.rb:17:in `call'
  activesupport (3.2.11) lib/active_support/cache/strategy/local_cache.rb:72:in `call'
  rack (1.4.5) lib/rack/lock.rb:15:in `call'
  actionpack (3.2.11) lib/action_dispatch/middleware/static.rb:62:in `call'
  railties (3.2.11) lib/rails/engine.rb:479:in `call'
  railties (3.2.11) lib/rails/application.rb:223:in `call'
  rack (1.4.5) lib/rack/content_length.rb:14:in `call'
  railties (3.2.11) lib/rails/rack/log_tailer.rb:17:in `call'
  thin (1.5.1) lib/thin/connection.rb:81:in `block in pre_process'
  thin (1.5.1) lib/thin/connection.rb:79:in `catch'
  thin (1.5.1) lib/thin/connection.rb:79:in `pre_process'
  thin (1.5.1) lib/thin/connection.rb:54:in `process'
  thin (1.5.1) lib/thin/connection.rb:39:in `receive_data'
  eventmachine (1.0.3) lib/eventmachine.rb:187:in `run_machine'
  eventmachine (1.0.3) lib/eventmachine.rb:187:in `run'
  thin (1.5.1) lib/thin/backends/base.rb:63:in `start'
  thin (1.5.1) lib/thin/server.rb:159:in `start'
  rack (1.4.5) lib/rack/handler/thin.rb:13:in `run'
  rack (1.4.5) lib/rack/server.rb:268:in `start'
  railties (3.2.11) lib/rails/commands/server.rb:70:in `start'
  railties (3.2.11) lib/rails/commands.rb:55:in `block in <top (required)>'
  railties (3.2.11) lib/rails/commands.rb:50:in `tap'
  railties (3.2.11) lib/rails/commands.rb:50:in `<top (required)>'
  script/rails:6:in `require'
  script/rails:6:in `<main>'


  Rendered /Users/alejandro/.rvm/gems/ruby-2.0.0-p247/gems/actionpack-3.2.11/lib/action_dispatch/middleware/templates/rescues/routing_error.erb within rescues/layout (0.5ms)


Started GET "/users" for 127.0.0.1 at 2013-12-12 13:42:06 -0700
Processing by UsersController#index as HTML
Completed 401 Unauthorized in 156ms


Started GET "/users/sign_in" for 127.0.0.1 at 2013-12-12 13:42:07 -0700
Processing by Devise::SessionsController#new as HTML
  Rendered devise/sessions/new.html.erb within layouts/application (3.9ms)
  Rendered devise/shared/_links.erb (0.6ms)
  Rendered devise/shared/_client_links.html.erb (0.7ms)
Completed 200 OK in 104ms (Views: 22.0ms | ActiveRecord: 5.2ms)


Started GET "/assets/twitter-bootstrap-static/bootstrap.css?body=1" for 127.0.0.1 at 2013-12-12 13:42:07 -0700
Served asset /twitter-bootstrap-static/bootstrap.css - 304 Not Modified (0ms)


Started GET "/assets/twitter-bootstrap-static/fontawesome.css?body=1" for 127.0.0.1 at 2013-12-12 13:42:07 -0700
Served asset /twitter-bootstrap-static/fontawesome.css - 304 Not Modified (0ms)


Started GET "/assets/bootstrap_and_overrides.css?body=1" for 127.0.0.1 at 2013-12-12 13:42:07 -0700
Served asset /bootstrap_and_overrides.css - 304 Not Modified (0ms)


Started GET "/assets/datepicker.css?body=1" for 127.0.0.1 at 2013-12-12 13:42:07 -0700
Served asset /datepicker.css - 304 Not Modified (0ms)


Started GET "/assets/autocomplete.css?body=1" for 127.0.0.1 at 2013-12-12 13:42:07 -0700
Served asset /autocomplete.css - 304 Not Modified (0ms)


Started GET "/assets/elements.css?body=1" for 127.0.0.1 at 2013-12-12 13:42:07 -0700
Served asset /elements.css - 304 Not Modified (0ms)


Started GET "/assets/error_reports.css?body=1" for 127.0.0.1 at 2013-12-12 13:42:07 -0700
Served asset /error_reports.css - 304 Not Modified (0ms)


Started GET "/assets/scaffolds.css?body=1" for 127.0.0.1 at 2013-12-12 13:42:07 -0700
Served asset /scaffolds.css - 304 Not Modified (0ms)


Started GET "/assets/theme.css?body=1" for 127.0.0.1 at 2013-12-12 13:42:07 -0700
Served asset /theme.css - 304 Not Modified (0ms)


Started GET "/assets/jquery.js?body=1" for 127.0.0.1 at 2013-12-12 13:42:07 -0700
Served asset /jquery.js - 304 Not Modified (0ms)


Started GET "/assets/jquery_ujs.js?body=1" for 127.0.0.1 at 2013-12-12 13:42:07 -0700
Served asset /jquery_ujs.js - 304 Not Modified (0ms)


Started GET "/assets/jquery-ui.js?body=1" for 127.0.0.1 at 2013-12-12 13:42:07 -0700
Served asset /jquery-ui.js - 304 Not Modified (0ms)


Started GET "/assets/autocomplete-rails.js?body=1" for 127.0.0.1 at 2013-12-12 13:42:07 -0700
Served asset /autocomplete-rails.js - 304 Not Modified (0ms)


Started GET "/assets/twitter/bootstrap/bootstrap-transition.js?body=1" for 127.0.0.1 at 2013-12-12 13:42:07 -0700
Served asset /twitter/bootstrap/bootstrap-transition.js - 304 Not Modified (0ms)


Started GET "/assets/twitter/bootstrap/bootstrap-alert.js?body=1" for 127.0.0.1 at 2013-12-12 13:42:07 -0700
Served asset /twitter/bootstrap/bootstrap-alert.js - 304 Not Modified (0ms)


Started GET "/assets/twitter/bootstrap/bootstrap-modal.js?body=1" for 127.0.0.1 at 2013-12-12 13:42:08 -0700
Served asset /twitter/bootstrap/bootstrap-modal.js - 304 Not Modified (0ms)


Started GET "/assets/twitter/bootstrap/bootstrap-dropdown.js?body=1" for 127.0.0.1 at 2013-12-12 13:42:08 -0700
Served asset /twitter/bootstrap/bootstrap-dropdown.js - 304 Not Modified (0ms)


Started GET "/assets/twitter/bootstrap/bootstrap-scrollspy.js?body=1" for 127.0.0.1 at 2013-12-12 13:42:08 -0700
Served asset /twitter/bootstrap/bootstrap-scrollspy.js - 304 Not Modified (0ms)


Started GET "/assets/twitter/bootstrap/bootstrap-tab.js?body=1" for 127.0.0.1 at 2013-12-12 13:42:08 -0700
Served asset /twitter/bootstrap/bootstrap-tab.js - 304 Not Modified (0ms)


Started GET "/assets/twitter/bootstrap/bootstrap-tooltip.js?body=1" for 127.0.0.1 at 2013-12-12 13:42:08 -0700
Served asset /twitter/bootstrap/bootstrap-tooltip.js - 304 Not Modified (0ms)


Started GET "/assets/twitter/bootstrap/bootstrap-popover.js?body=1" for 127.0.0.1 at 2013-12-12 13:42:08 -0700
Served asset /twitter/bootstrap/bootstrap-popover.js - 304 Not Modified (0ms)


Started GET "/assets/twitter/bootstrap/bootstrap-button.js?body=1" for 127.0.0.1 at 2013-12-12 13:42:08 -0700
Served asset /twitter/bootstrap/bootstrap-button.js - 304 Not Modified (0ms)


Started GET "/assets/twitter/bootstrap/bootstrap-collapse.js?body=1" for 127.0.0.1 at 2013-12-12 13:42:08 -0700
Served asset /twitter/bootstrap/bootstrap-collapse.js - 304 Not Modified (0ms)


Started GET "/assets/twitter/bootstrap/bootstrap-carousel.js?body=1" for 127.0.0.1 at 2013-12-12 13:42:08 -0700
Served asset /twitter/bootstrap/bootstrap-carousel.js - 304 Not Modified (0ms)


Started GET "/assets/twitter/bootstrap/bootstrap-typeahead.js?body=1" for 127.0.0.1 at 2013-12-12 13:42:08 -0700
Served asset /twitter/bootstrap/bootstrap-typeahead.js - 304 Not Modified (0ms)


Started GET "/assets/twitter/bootstrap/bootstrap-affix.js?body=1" for 127.0.0.1 at 2013-12-12 13:42:08 -0700
Served asset /twitter/bootstrap/bootstrap-affix.js - 304 Not Modified (0ms)


Started GET "/assets/twitter/bootstrap.js?body=1" for 127.0.0.1 at 2013-12-12 13:42:08 -0700
Served asset /twitter/bootstrap.js - 304 Not Modified (0ms)


Started GET "/assets/jquery_nested_form.js?body=1" for 127.0.0.1 at 2013-12-12 13:42:08 -0700
Served asset /jquery_nested_form.js - 304 Not Modified (0ms)


Started GET "/assets/ckeditor-jquery.js?body=1" for 127.0.0.1 at 2013-12-12 13:42:08 -0700
Served asset /ckeditor-jquery.js - 304 Not Modified (0ms)


Started GET "/assets/bootstrap-datepicker.js?body=1" for 127.0.0.1 at 2013-12-12 13:42:08 -0700
Served asset /bootstrap-datepicker.js - 304 Not Modified (0ms)


Started GET "/assets/logo.png" for 127.0.0.1 at 2013-12-12 13:42:09 -0700
Served asset /logo.png - 304 Not Modified (0ms)


Started POST "/users/sign_in" for 127.0.0.1 at 2013-12-12 13:42:13 -0700
Processing by Devise::SessionsController#create as HTML
  Parameters: {"utf8"=>"✓", "authenticity_token"=>"rpajlbIfrDXulYv+RjD1kOZITDizYxzljlsLM1RvAWo=", "user"=>{"login"=>"administrator", "password"=>"[FILTERED]"}, "commit"=>"Iniciar Sesión"}
  [1m[36mUser Load (63.8ms)[0m  [1mSELECT "users".* FROM "users" WHERE (lower(username) = 'administrator' OR lower(email) = 'administrator') LIMIT 1[0m
  [1m[35m (0.6ms)[0m  BEGIN
  [1m[36m (0.6ms)[0m  [1mCOMMIT[0m
  [1m[35m (0.6ms)[0m  BEGIN
  [1m[36m (18.7ms)[0m  [1mUPDATE "users" SET "last_sign_in_at" = '2013-12-12 18:25:46.000000', "current_sign_in_at" = '2013-12-12 20:42:13.481277', "sign_in_count" = 6, "updated_at" = '2013-12-12 20:42:13.482714' WHERE "users"."id" = 1[0m
  [1m[35m (0.8ms)[0m  COMMIT
Redirected to http://localhost:3000/
Completed 302 Found in 417ms (ActiveRecord: 0.0ms)


Started GET "/" for 127.0.0.1 at 2013-12-12 13:42:13 -0700
Processing by WelcomeController#index as HTML
  [1m[36mUser Load (0.8ms)[0m  [1mSELECT "users".* FROM "users" WHERE "users"."id" = 1 LIMIT 1[0m
  Rendered welcome/index.html.erb within layouts/application (0.2ms)
  [1m[35mBranch Load (0.7ms)[0m  SELECT "branches".* FROM "branches" 
  [1m[36mRole Load (22.8ms)[0m  [1mSELECT "roles".* FROM "roles" WHERE "roles"."id" = 1 LIMIT 1[0m
  [1m[35mCACHE (0.0ms)[0m  SELECT "users".* FROM "users" WHERE "users"."id" = 1 LIMIT 1
  [1m[36mClient Load (45.9ms)[0m  [1mSELECT "clients".* FROM "clients" WHERE "clients"."id" = 1 LIMIT 1[0m
  [1m[35mCACHE (0.0ms)[0m  SELECT "roles".* FROM "roles" WHERE "roles"."id" = 1 LIMIT 1
  [1m[36m (0.8ms)[0m  [1mSELECT COUNT(*) FROM "users" WHERE (branch_id = 1 and id != 1)[0m
  [1m[35m (17.6ms)[0m  SELECT COUNT(*) FROM "clients" 
  [1m[36m (1.6ms)[0m  [1mSELECT COUNT(*) FROM "orders" WHERE (status_id != 3)[0m
Completed 200 OK in 742ms (Views: 480.6ms | ActiveRecord: 143.3ms)


Started GET "/assets/twitter-bootstrap-static/bootstrap.css?body=1" for 127.0.0.1 at 2013-12-12 13:42:14 -0700
Served asset /twitter-bootstrap-static/bootstrap.css - 304 Not Modified (0ms)


Started GET "/assets/twitter-bootstrap-static/fontawesome.css?body=1" for 127.0.0.1 at 2013-12-12 13:42:14 -0700
Served asset /twitter-bootstrap-static/fontawesome.css - 304 Not Modified (0ms)


Started GET "/assets/bootstrap_and_overrides.css?body=1" for 127.0.0.1 at 2013-12-12 13:42:14 -0700
Served asset /bootstrap_and_overrides.css - 304 Not Modified (0ms)


Started GET "/assets/datepicker.css?body=1" for 127.0.0.1 at 2013-12-12 13:42:14 -0700
Served asset /datepicker.css - 304 Not Modified (0ms)


Started GET "/assets/autocomplete.css?body=1" for 127.0.0.1 at 2013-12-12 13:42:14 -0700
Served asset /autocomplete.css - 304 Not Modified (0ms)


Started GET "/assets/elements.css?body=1" for 127.0.0.1 at 2013-12-12 13:42:14 -0700
Served asset /elements.css - 304 Not Modified (0ms)


Started GET "/assets/error_reports.css?body=1" for 127.0.0.1 at 2013-12-12 13:42:14 -0700
Served asset /error_reports.css - 304 Not Modified (0ms)


Started GET "/assets/scaffolds.css?body=1" for 127.0.0.1 at 2013-12-12 13:42:14 -0700
Served asset /scaffolds.css - 304 Not Modified (0ms)


Started GET "/assets/theme.css?body=1" for 127.0.0.1 at 2013-12-12 13:42:14 -0700
Served asset /theme.css - 304 Not Modified (0ms)


Started GET "/assets/jquery.js?body=1" for 127.0.0.1 at 2013-12-12 13:42:14 -0700
Served asset /jquery.js - 304 Not Modified (0ms)


Started GET "/assets/jquery_ujs.js?body=1" for 127.0.0.1 at 2013-12-12 13:42:14 -0700
Served asset /jquery_ujs.js - 304 Not Modified (0ms)


Started GET "/assets/jquery-ui.js?body=1" for 127.0.0.1 at 2013-12-12 13:42:14 -0700
Served asset /jquery-ui.js - 304 Not Modified (0ms)


Started GET "/assets/autocomplete-rails.js?body=1" for 127.0.0.1 at 2013-12-12 13:42:14 -0700
Served asset /autocomplete-rails.js - 304 Not Modified (0ms)


Started GET "/assets/twitter/bootstrap/bootstrap-transition.js?body=1" for 127.0.0.1 at 2013-12-12 13:42:14 -0700
Served asset /twitter/bootstrap/bootstrap-transition.js - 304 Not Modified (0ms)


Started GET "/assets/twitter/bootstrap/bootstrap-alert.js?body=1" for 127.0.0.1 at 2013-12-12 13:42:14 -0700
Served asset /twitter/bootstrap/bootstrap-alert.js - 304 Not Modified (0ms)


Started GET "/assets/twitter/bootstrap/bootstrap-modal.js?body=1" for 127.0.0.1 at 2013-12-12 13:42:14 -0700
Served asset /twitter/bootstrap/bootstrap-modal.js - 304 Not Modified (0ms)


Started GET "/assets/twitter/bootstrap/bootstrap-dropdown.js?body=1" for 127.0.0.1 at 2013-12-12 13:42:14 -0700
Served asset /twitter/bootstrap/bootstrap-dropdown.js - 304 Not Modified (0ms)


Started GET "/assets/twitter/bootstrap/bootstrap-scrollspy.js?body=1" for 127.0.0.1 at 2013-12-12 13:42:14 -0700
Served asset /twitter/bootstrap/bootstrap-scrollspy.js - 304 Not Modified (0ms)


Started GET "/assets/twitter/bootstrap/bootstrap-tab.js?body=1" for 127.0.0.1 at 2013-12-12 13:42:14 -0700
Served asset /twitter/bootstrap/bootstrap-tab.js - 304 Not Modified (0ms)


Started GET "/assets/twitter/bootstrap/bootstrap-tooltip.js?body=1" for 127.0.0.1 at 2013-12-12 13:42:14 -0700
Served asset /twitter/bootstrap/bootstrap-tooltip.js - 304 Not Modified (0ms)


Started GET "/assets/twitter/bootstrap/bootstrap-popover.js?body=1" for 127.0.0.1 at 2013-12-12 13:42:14 -0700
Served asset /twitter/bootstrap/bootstrap-popover.js - 304 Not Modified (0ms)


Started GET "/assets/twitter/bootstrap/bootstrap-button.js?body=1" for 127.0.0.1 at 2013-12-12 13:42:15 -0700
Served asset /twitter/bootstrap/bootstrap-button.js - 304 Not Modified (0ms)


Started GET "/assets/twitter/bootstrap/bootstrap-collapse.js?body=1" for 127.0.0.1 at 2013-12-12 13:42:15 -0700
Served asset /twitter/bootstrap/bootstrap-collapse.js - 304 Not Modified (0ms)


Started GET "/assets/twitter/bootstrap/bootstrap-carousel.js?body=1" for 127.0.0.1 at 2013-12-12 13:42:15 -0700
Served asset /twitter/bootstrap/bootstrap-carousel.js - 304 Not Modified (0ms)


Started GET "/assets/twitter/bootstrap/bootstrap-typeahead.js?body=1" for 127.0.0.1 at 2013-12-12 13:42:15 -0700
Served asset /twitter/bootstrap/bootstrap-typeahead.js - 304 Not Modified (0ms)


Started GET "/assets/twitter/bootstrap/bootstrap-affix.js?body=1" for 127.0.0.1 at 2013-12-12 13:42:15 -0700
Served asset /twitter/bootstrap/bootstrap-affix.js - 304 Not Modified (0ms)


Started GET "/assets/twitter/bootstrap.js?body=1" for 127.0.0.1 at 2013-12-12 13:42:15 -0700
Served asset /twitter/bootstrap.js - 304 Not Modified (0ms)


Started GET "/assets/jquery_nested_form.js?body=1" for 127.0.0.1 at 2013-12-12 13:42:15 -0700
Served asset /jquery_nested_form.js - 304 Not Modified (0ms)


Started GET "/assets/ckeditor-jquery.js?body=1" for 127.0.0.1 at 2013-12-12 13:42:15 -0700
Served asset /ckeditor-jquery.js - 304 Not Modified (0ms)


Started GET "/assets/bootstrap-datepicker.js?body=1" for 127.0.0.1 at 2013-12-12 13:42:15 -0700
Served asset /bootstrap-datepicker.js - 304 Not Modified (0ms)


Started GET "/assets/logo.png" for 127.0.0.1 at 2013-12-12 13:42:17 -0700
Served asset /logo.png - 304 Not Modified (0ms)


Started GET "/" for 127.0.0.1 at 2013-12-12 13:43:23 -0700
Processing by WelcomeController#index as HTML
  [1m[35mUser Load (0.7ms)[0m  SELECT "users".* FROM "users" WHERE "users"."id" = 1 LIMIT 1
  Rendered welcome/index.html.erb within layouts/application (0.6ms)
  [1m[36mBranch Load (0.6ms)[0m  [1mSELECT "branches".* FROM "branches" [0m
  [1m[35mRole Load (0.5ms)[0m  SELECT "roles".* FROM "roles" WHERE "roles"."id" = 1 LIMIT 1
  [1m[36mCACHE (0.0ms)[0m  [1mSELECT "users".* FROM "users" WHERE "users"."id" = 1 LIMIT 1[0m
  [1m[35mClient Load (0.9ms)[0m  SELECT "clients".* FROM "clients" WHERE "clients"."id" = 1 LIMIT 1
  [1m[36mCACHE (0.0ms)[0m  [1mSELECT "roles".* FROM "roles" WHERE "roles"."id" = 1 LIMIT 1[0m
  [1m[35m (0.7ms)[0m  SELECT COUNT(*) FROM "users" WHERE (branch_id = 1 and id != 1)
  [1m[36m (0.5ms)[0m  [1mSELECT COUNT(*) FROM "clients" [0m
  [1m[35m (0.4ms)[0m  SELECT COUNT(*) FROM "orders" WHERE (status_id != 3)
Completed 200 OK in 1131ms (Views: 1008.0ms | ActiveRecord: 27.7ms)


Started GET "/assets/twitter-bootstrap-static/bootstrap.css?body=1" for 127.0.0.1 at 2013-12-12 13:43:25 -0700
Served asset /twitter-bootstrap-static/bootstrap.css - 304 Not Modified (0ms)


Started GET "/assets/twitter-bootstrap-static/fontawesome.css?body=1" for 127.0.0.1 at 2013-12-12 13:43:25 -0700
Served asset /twitter-bootstrap-static/fontawesome.css - 304 Not Modified (0ms)


Started GET "/assets/bootstrap_and_overrides.css?body=1" for 127.0.0.1 at 2013-12-12 13:43:25 -0700
Served asset /bootstrap_and_overrides.css - 304 Not Modified (0ms)


Started GET "/assets/datepicker.css?body=1" for 127.0.0.1 at 2013-12-12 13:43:25 -0700
Served asset /datepicker.css - 304 Not Modified (0ms)


Started GET "/assets/autocomplete.css?body=1" for 127.0.0.1 at 2013-12-12 13:43:25 -0700
Served asset /autocomplete.css - 304 Not Modified (0ms)


Started GET "/assets/elements.css?body=1" for 127.0.0.1 at 2013-12-12 13:43:25 -0700
Served asset /elements.css - 304 Not Modified (0ms)


Started GET "/assets/error_reports.css?body=1" for 127.0.0.1 at 2013-12-12 13:43:25 -0700
Served asset /error_reports.css - 304 Not Modified (0ms)


Started GET "/assets/scaffolds.css?body=1" for 127.0.0.1 at 2013-12-12 13:43:25 -0700
Served asset /scaffolds.css - 304 Not Modified (0ms)


Started GET "/assets/theme.css?body=1" for 127.0.0.1 at 2013-12-12 13:43:25 -0700
Served asset /theme.css - 304 Not Modified (0ms)


Started GET "/assets/jquery.js?body=1" for 127.0.0.1 at 2013-12-12 13:43:25 -0700
Served asset /jquery.js - 304 Not Modified (0ms)


Started GET "/assets/jquery_ujs.js?body=1" for 127.0.0.1 at 2013-12-12 13:43:25 -0700
Served asset /jquery_ujs.js - 304 Not Modified (0ms)


Started GET "/assets/jquery-ui.js?body=1" for 127.0.0.1 at 2013-12-12 13:43:25 -0700
Served asset /jquery-ui.js - 304 Not Modified (0ms)


Started GET "/assets/autocomplete-rails.js?body=1" for 127.0.0.1 at 2013-12-12 13:43:25 -0700
Served asset /autocomplete-rails.js - 304 Not Modified (0ms)


Started GET "/assets/twitter/bootstrap/bootstrap-transition.js?body=1" for 127.0.0.1 at 2013-12-12 13:43:25 -0700
Served asset /twitter/bootstrap/bootstrap-transition.js - 304 Not Modified (0ms)


Started GET "/assets/twitter/bootstrap/bootstrap-alert.js?body=1" for 127.0.0.1 at 2013-12-12 13:43:25 -0700
Served asset /twitter/bootstrap/bootstrap-alert.js - 304 Not Modified (0ms)


Started GET "/assets/twitter/bootstrap/bootstrap-modal.js?body=1" for 127.0.0.1 at 2013-12-12 13:43:25 -0700
Served asset /twitter/bootstrap/bootstrap-modal.js - 304 Not Modified (0ms)


Started GET "/assets/twitter/bootstrap/bootstrap-dropdown.js?body=1" for 127.0.0.1 at 2013-12-12 13:43:25 -0700
Served asset /twitter/bootstrap/bootstrap-dropdown.js - 304 Not Modified (0ms)


Started GET "/assets/twitter/bootstrap/bootstrap-scrollspy.js?body=1" for 127.0.0.1 at 2013-12-12 13:43:25 -0700
Served asset /twitter/bootstrap/bootstrap-scrollspy.js - 304 Not Modified (0ms)


Started GET "/assets/twitter/bootstrap/bootstrap-tab.js?body=1" for 127.0.0.1 at 2013-12-12 13:43:25 -0700
Served asset /twitter/bootstrap/bootstrap-tab.js - 304 Not Modified (0ms)


Started GET "/assets/twitter/bootstrap/bootstrap-tooltip.js?body=1" for 127.0.0.1 at 2013-12-12 13:43:25 -0700
Served asset /twitter/bootstrap/bootstrap-tooltip.js - 304 Not Modified (0ms)


Started GET "/assets/twitter/bootstrap/bootstrap-popover.js?body=1" for 127.0.0.1 at 2013-12-12 13:43:25 -0700
Served asset /twitter/bootstrap/bootstrap-popover.js - 304 Not Modified (0ms)


Started GET "/assets/twitter/bootstrap/bootstrap-button.js?body=1" for 127.0.0.1 at 2013-12-12 13:43:25 -0700
Served asset /twitter/bootstrap/bootstrap-button.js - 304 Not Modified (0ms)


Started GET "/assets/twitter/bootstrap/bootstrap-collapse.js?body=1" for 127.0.0.1 at 2013-12-12 13:43:25 -0700
Served asset /twitter/bootstrap/bootstrap-collapse.js - 304 Not Modified (0ms)


Started GET "/assets/twitter/bootstrap/bootstrap-carousel.js?body=1" for 127.0.0.1 at 2013-12-12 13:43:25 -0700
Served asset /twitter/bootstrap/bootstrap-carousel.js - 304 Not Modified (0ms)


Started GET "/assets/twitter/bootstrap/bootstrap-typeahead.js?body=1" for 127.0.0.1 at 2013-12-12 13:43:25 -0700
Served asset /twitter/bootstrap/bootstrap-typeahead.js - 304 Not Modified (0ms)


Started GET "/assets/twitter/bootstrap/bootstrap-affix.js?body=1" for 127.0.0.1 at 2013-12-12 13:43:25 -0700
Served asset /twitter/bootstrap/bootstrap-affix.js - 304 Not Modified (0ms)


Started GET "/assets/twitter/bootstrap.js?body=1" for 127.0.0.1 at 2013-12-12 13:43:25 -0700
Served asset /twitter/bootstrap.js - 304 Not Modified (0ms)


Started GET "/assets/jquery_nested_form.js?body=1" for 127.0.0.1 at 2013-12-12 13:43:25 -0700
Served asset /jquery_nested_form.js - 304 Not Modified (0ms)


Started GET "/assets/ckeditor-jquery.js?body=1" for 127.0.0.1 at 2013-12-12 13:43:25 -0700
Served asset /ckeditor-jquery.js - 304 Not Modified (0ms)


Started GET "/assets/bootstrap-datepicker.js?body=1" for 127.0.0.1 at 2013-12-12 13:43:25 -0700
Served asset /bootstrap-datepicker.js - 304 Not Modified (0ms)


Started GET "/assets/logo.png" for 127.0.0.1 at 2013-12-12 13:43:26 -0700
Served asset /logo.png - 304 Not Modified (0ms)
