Connecting to database specified by database.yml
Compiled jquery.js  (4ms)  (pid 11740)
Compiled jquery_ujs.js  (0ms)  (pid 11740)
Compiled jquery-ui.js  (50ms)  (pid 11740)
Compiled autocomplete-rails.js  (0ms)  (pid 11740)
Compiled twitter/bootstrap/bootstrap-transition.js  (0ms)  (pid 11740)
Compiled twitter/bootstrap/bootstrap-alert.js  (0ms)  (pid 11740)
Compiled twitter/bootstrap/bootstrap-modal.js  (0ms)  (pid 11740)
Compiled twitter/bootstrap/bootstrap-dropdown.js  (0ms)  (pid 11740)
Compiled twitter/bootstrap/bootstrap-scrollspy.js  (0ms)  (pid 11740)
Compiled twitter/bootstrap/bootstrap-tab.js  (0ms)  (pid 11740)
Compiled twitter/bootstrap/bootstrap-tooltip.js  (0ms)  (pid 11740)
Compiled twitter/bootstrap/bootstrap-popover.js  (0ms)  (pid 11740)
Compiled twitter/bootstrap/bootstrap-button.js  (0ms)  (pid 11740)
Compiled twitter/bootstrap/bootstrap-collapse.js  (0ms)  (pid 11740)
Compiled twitter/bootstrap/bootstrap-carousel.js  (0ms)  (pid 11740)
Compiled twitter/bootstrap/bootstrap-typeahead.js  (0ms)  (pid 11740)
Compiled twitter/bootstrap/bootstrap-affix.js  (0ms)  (pid 11740)
Compiled twitter/bootstrap.js  (127ms)  (pid 11740)
Compiled jquery_nested_form.js  (0ms)  (pid 11740)
Compiled ckeditor/basepath.js  (1ms)  (pid 11740)
Compiled ckeditor/ckeditor.js  (9ms)  (pid 11740)
Compiled ckeditor/jquery.js  (0ms)  (pid 11740)
Compiled ckeditor-jquery.js  (31ms)  (pid 11740)
Compiled bootstrap-datepicker.js  (0ms)  (pid 11740)
Compiled application.js  (345ms)  (pid 11740)
Compiled twitter-bootstrap-static/bootstrap.css  (49ms)  (pid 11740)
Compiled twitter-bootstrap-static/fontawesome.css  (83ms)  (pid 11740)
Compiled bootstrap_and_overrides.css  (146ms)  (pid 11740)
Compiled datepicker.css  (0ms)  (pid 11740)
Compiled autocomplete.css  (0ms)  (pid 11740)
Compiled bootstrap_and_overrides.css  (1038ms)  (pid 11740)
Compiled elements.css  (0ms)  (pid 11740)
Compiled error_reports.css  (30ms)  (pid 11740)
Compiled scaffolds.css  (10ms)  (pid 11740)
Compiled theme.css  (0ms)  (pid 11740)
Compiled application.css  (1255ms)  (pid 11740)
Compiled ckeditor/build-config.js  (0ms)  (pid 11740)
Compiled ckeditor/config.js  (0ms)  (pid 11740)
Compiled ckeditor/lang/af.js  (0ms)  (pid 11740)
Compiled ckeditor/lang/ar.js  (1ms)  (pid 11740)
Compiled ckeditor/lang/bg.js  (1ms)  (pid 11740)
Compiled ckeditor/lang/bn.js  (0ms)  (pid 11740)
Compiled ckeditor/lang/bs.js  (0ms)  (pid 11740)
Compiled ckeditor/lang/ca.js  (0ms)  (pid 11740)
Compiled ckeditor/lang/cs.js  (0ms)  (pid 11740)
Compiled ckeditor/lang/cy.js  (0ms)  (pid 11740)
Compiled ckeditor/lang/da.js  (0ms)  (pid 11740)
Compiled ckeditor/lang/de.js  (0ms)  (pid 11740)
Compiled ckeditor/lang/el.js  (1ms)  (pid 11740)
Compiled ckeditor/lang/en-au.js  (0ms)  (pid 11740)
Compiled ckeditor/lang/en-ca.js  (0ms)  (pid 11740)
Compiled ckeditor/lang/en-gb.js  (0ms)  (pid 11740)
Compiled ckeditor/lang/en.js  (0ms)  (pid 11740)
Compiled ckeditor/lang/eo.js  (0ms)  (pid 11740)
Compiled ckeditor/lang/es.js  (0ms)  (pid 11740)
Compiled ckeditor/lang/et.js  (0ms)  (pid 11740)
Compiled ckeditor/lang/eu.js  (0ms)  (pid 11740)
Compiled ckeditor/lang/fa.js  (1ms)  (pid 11740)
Compiled ckeditor/lang/fi.js  (0ms)  (pid 11740)
Compiled ckeditor/lang/fo.js  (0ms)  (pid 11740)
Compiled ckeditor/lang/fr-ca.js  (0ms)  (pid 11740)
Compiled ckeditor/lang/fr.js  (0ms)  (pid 11740)
Compiled ckeditor/lang/gl.js  (0ms)  (pid 11740)
Compiled ckeditor/lang/gu.js  (1ms)  (pid 11740)
Compiled ckeditor/lang/he.js  (1ms)  (pid 11740)
Compiled ckeditor/lang/hi.js  (0ms)  (pid 11740)
Compiled ckeditor/lang/hr.js  (0ms)  (pid 11740)
Compiled ckeditor/lang/hu.js  (0ms)  (pid 11740)
Compiled ckeditor/lang/is.js  (0ms)  (pid 11740)
Compiled ckeditor/lang/it.js  (0ms)  (pid 11740)
Compiled ckeditor/lang/ja.js  (0ms)  (pid 11740)
Compiled ckeditor/lang/ka.js  (1ms)  (pid 11740)
Compiled ckeditor/lang/km.js  (1ms)  (pid 11740)
Compiled ckeditor/lang/ko.js  (0ms)  (pid 11740)
Compiled ckeditor/lang/ku.js  (1ms)  (pid 11740)
Compiled ckeditor/lang/lt.js  (0ms)  (pid 11740)
Compiled ckeditor/lang/lv.js  (0ms)  (pid 11740)
Compiled ckeditor/lang/mk.js  (0ms)  (pid 11740)
Compiled ckeditor/lang/mn.js  (1ms)  (pid 11740)
Compiled ckeditor/lang/ms.js  (0ms)  (pid 11740)
Compiled ckeditor/lang/nb.js  (0ms)  (pid 11740)
Compiled ckeditor/lang/nl.js  (0ms)  (pid 11740)
Compiled ckeditor/lang/no.js  (0ms)  (pid 11740)
Compiled ckeditor/lang/pl.js  (0ms)  (pid 11740)
Compiled ckeditor/lang/pt-br.js  (0ms)  (pid 11740)
Compiled ckeditor/lang/pt.js  (0ms)  (pid 11740)
Compiled ckeditor/lang/ro.js  (0ms)  (pid 11740)
Compiled ckeditor/lang/ru.js  (1ms)  (pid 11740)
Compiled ckeditor/lang/sk.js  (0ms)  (pid 11740)
Compiled ckeditor/lang/sl.js  (0ms)  (pid 11740)
Compiled ckeditor/lang/sq.js  (0ms)  (pid 11740)
Compiled ckeditor/lang/sr-latn.js  (0ms)  (pid 11740)
Compiled ckeditor/lang/sr.js  (0ms)  (pid 11740)
Compiled ckeditor/lang/sv.js  (0ms)  (pid 11740)
Compiled ckeditor/lang/th.js  (1ms)  (pid 11740)
Compiled ckeditor/lang/tr.js  (0ms)  (pid 11740)
Compiled ckeditor/lang/ug.js  (1ms)  (pid 11740)
Compiled ckeditor/lang/uk.js  (1ms)  (pid 11740)
Compiled ckeditor/lang/vi.js  (1ms)  (pid 11740)
Compiled ckeditor/lang/zh-cn.js  (0ms)  (pid 11740)
Compiled ckeditor/lang/zh.js  (0ms)  (pid 11740)
Compiled ckeditor/plugins/a11yhelp/dialogs/a11yhelp.js  (0ms)  (pid 11740)
Compiled ckeditor/plugins/a11yhelp/dialogs/lang/ar.js  (0ms)  (pid 11740)
Compiled ckeditor/plugins/a11yhelp/dialogs/lang/bg.js  (0ms)  (pid 11740)
Compiled ckeditor/plugins/a11yhelp/dialogs/lang/ca.js  (0ms)  (pid 11740)
Compiled ckeditor/plugins/a11yhelp/dialogs/lang/cs.js  (0ms)  (pid 11740)
Compiled ckeditor/plugins/a11yhelp/dialogs/lang/cy.js  (0ms)  (pid 11740)
Compiled ckeditor/plugins/a11yhelp/dialogs/lang/da.js  (0ms)  (pid 11740)
Compiled ckeditor/plugins/a11yhelp/dialogs/lang/de.js  (0ms)  (pid 11740)
Compiled ckeditor/plugins/a11yhelp/dialogs/lang/el.js  (0ms)  (pid 11740)
Compiled ckeditor/plugins/a11yhelp/dialogs/lang/en.js  (0ms)  (pid 11740)
Compiled ckeditor/plugins/a11yhelp/dialogs/lang/eo.js  (0ms)  (pid 11740)
Compiled ckeditor/plugins/a11yhelp/dialogs/lang/es.js  (0ms)  (pid 11740)
Compiled ckeditor/plugins/a11yhelp/dialogs/lang/et.js  (0ms)  (pid 11740)
Compiled ckeditor/plugins/a11yhelp/dialogs/lang/fa.js  (0ms)  (pid 11740)
Compiled ckeditor/plugins/a11yhelp/dialogs/lang/fi.js  (0ms)  (pid 11740)
Compiled ckeditor/plugins/a11yhelp/dialogs/lang/fr-ca.js  (0ms)  (pid 11740)
Compiled ckeditor/plugins/a11yhelp/dialogs/lang/fr.js  (0ms)  (pid 11740)
Compiled ckeditor/plugins/a11yhelp/dialogs/lang/gu.js  (0ms)  (pid 11740)
Compiled ckeditor/plugins/a11yhelp/dialogs/lang/he.js  (0ms)  (pid 11740)
Compiled ckeditor/plugins/a11yhelp/dialogs/lang/hi.js  (0ms)  (pid 11740)
Compiled ckeditor/plugins/a11yhelp/dialogs/lang/hr.js  (0ms)  (pid 11740)
Compiled ckeditor/plugins/a11yhelp/dialogs/lang/hu.js  (0ms)  (pid 11740)
Compiled ckeditor/plugins/a11yhelp/dialogs/lang/it.js  (0ms)  (pid 11740)
Compiled ckeditor/plugins/a11yhelp/dialogs/lang/ja.js  (0ms)  (pid 11740)
Compiled ckeditor/plugins/a11yhelp/dialogs/lang/km.js  (0ms)  (pid 11740)
Compiled ckeditor/plugins/a11yhelp/dialogs/lang/ku.js  (0ms)  (pid 11740)
Compiled ckeditor/plugins/a11yhelp/dialogs/lang/lt.js  (0ms)  (pid 11740)
Compiled ckeditor/plugins/a11yhelp/dialogs/lang/lv.js  (0ms)  (pid 11740)
Compiled ckeditor/plugins/a11yhelp/dialogs/lang/mk.js  (0ms)  (pid 11740)
Compiled ckeditor/plugins/a11yhelp/dialogs/lang/mn.js  (0ms)  (pid 11740)
Compiled ckeditor/plugins/a11yhelp/dialogs/lang/nb.js  (0ms)  (pid 11740)
Compiled ckeditor/plugins/a11yhelp/dialogs/lang/nl.js  (0ms)  (pid 11740)
Compiled ckeditor/plugins/a11yhelp/dialogs/lang/no.js  (0ms)  (pid 11740)
Compiled ckeditor/plugins/a11yhelp/dialogs/lang/pl.js  (0ms)  (pid 11740)
Compiled ckeditor/plugins/a11yhelp/dialogs/lang/pt-br.js  (0ms)  (pid 11740)
Compiled ckeditor/plugins/a11yhelp/dialogs/lang/pt.js  (0ms)  (pid 11740)
Compiled ckeditor/plugins/a11yhelp/dialogs/lang/ro.js  (0ms)  (pid 11740)
Compiled ckeditor/plugins/a11yhelp/dialogs/lang/ru.js  (0ms)  (pid 11740)
Compiled ckeditor/plugins/a11yhelp/dialogs/lang/sk.js  (0ms)  (pid 11740)
Compiled ckeditor/plugins/a11yhelp/dialogs/lang/sl.js  (0ms)  (pid 11740)
Compiled ckeditor/plugins/a11yhelp/dialogs/lang/sq.js  (0ms)  (pid 11740)
Compiled ckeditor/plugins/a11yhelp/dialogs/lang/sv.js  (0ms)  (pid 11740)
Compiled ckeditor/plugins/a11yhelp/dialogs/lang/th.js  (0ms)  (pid 11740)
Compiled ckeditor/plugins/a11yhelp/dialogs/lang/tr.js  (0ms)  (pid 11740)
Compiled ckeditor/plugins/a11yhelp/dialogs/lang/ug.js  (0ms)  (pid 11740)
Compiled ckeditor/plugins/a11yhelp/dialogs/lang/uk.js  (0ms)  (pid 11740)
Compiled ckeditor/plugins/a11yhelp/dialogs/lang/vi.js  (0ms)  (pid 11740)
Compiled ckeditor/plugins/a11yhelp/dialogs/lang/zh-cn.js  (0ms)  (pid 11740)
Compiled ckeditor/plugins/about/dialogs/about.js  (0ms)  (pid 11740)
Compiled ckeditor/plugins/clipboard/dialogs/paste.js  (0ms)  (pid 11740)
Compiled ckeditor/plugins/colordialog/dialogs/colordialog.js  (0ms)  (pid 11740)
Compiled ckeditor/plugins/dialog/dialogDefinition.js  (0ms)  (pid 11740)
Compiled ckeditor/plugins/div/dialogs/div.js  (0ms)  (pid 11740)
Compiled ckeditor/plugins/find/dialogs/find.js  (0ms)  (pid 11740)
Compiled ckeditor/plugins/flash/dialogs/flash.js  (0ms)  (pid 11740)
Compiled ckeditor/plugins/forms/dialogs/button.js  (0ms)  (pid 11740)
Compiled ckeditor/plugins/forms/dialogs/checkbox.js  (0ms)  (pid 11740)
Compiled ckeditor/plugins/forms/dialogs/form.js  (0ms)  (pid 11740)
Compiled ckeditor/plugins/forms/dialogs/hiddenfield.js  (0ms)  (pid 11740)
Compiled ckeditor/plugins/forms/dialogs/radio.js  (0ms)  (pid 11740)
Compiled ckeditor/plugins/forms/dialogs/select.js  (0ms)  (pid 11740)
Compiled ckeditor/plugins/forms/dialogs/textarea.js  (0ms)  (pid 11740)
Compiled ckeditor/plugins/forms/dialogs/textfield.js  (0ms)  (pid 11740)
Compiled ckeditor/plugins/iframe/dialogs/iframe.js  (0ms)  (pid 11740)
Compiled ckeditor/plugins/image/dialogs/image.js  (0ms)  (pid 11740)
Compiled ckeditor/plugins/link/dialogs/anchor.js  (0ms)  (pid 11740)
Compiled ckeditor/plugins/link/dialogs/link.js  (0ms)  (pid 11740)
Compiled ckeditor/plugins/liststyle/dialogs/liststyle.js  (0ms)  (pid 11740)
Compiled ckeditor/plugins/pastefromword/filter/default.js  (0ms)  (pid 11740)
Compiled ckeditor/plugins/scayt/dialogs/options.js  (0ms)  (pid 11740)
Compiled ckeditor/plugins/smiley/dialogs/smiley.js  (0ms)  (pid 11740)
Compiled ckeditor/plugins/specialchar/dialogs/lang/ca.js  (0ms)  (pid 11740)
Compiled ckeditor/plugins/specialchar/dialogs/lang/cs.js  (0ms)  (pid 11740)
Compiled ckeditor/plugins/specialchar/dialogs/lang/cy.js  (0ms)  (pid 11740)
Compiled ckeditor/plugins/specialchar/dialogs/lang/de.js  (0ms)  (pid 11740)
Compiled ckeditor/plugins/specialchar/dialogs/lang/el.js  (0ms)  (pid 11740)
Compiled ckeditor/plugins/specialchar/dialogs/lang/en.js  (0ms)  (pid 11740)
Compiled ckeditor/plugins/specialchar/dialogs/lang/eo.js  (0ms)  (pid 11740)
Compiled ckeditor/plugins/specialchar/dialogs/lang/es.js  (0ms)  (pid 11740)
Compiled ckeditor/plugins/specialchar/dialogs/lang/et.js  (0ms)  (pid 11740)
Compiled ckeditor/plugins/specialchar/dialogs/lang/fa.js  (0ms)  (pid 11740)
Compiled ckeditor/plugins/specialchar/dialogs/lang/fi.js  (0ms)  (pid 11740)
Compiled ckeditor/plugins/specialchar/dialogs/lang/fr-ca.js  (0ms)  (pid 11740)
Compiled ckeditor/plugins/specialchar/dialogs/lang/fr.js  (0ms)  (pid 11740)
Compiled ckeditor/plugins/specialchar/dialogs/lang/he.js  (0ms)  (pid 11740)
Compiled ckeditor/plugins/specialchar/dialogs/lang/hr.js  (0ms)  (pid 11740)
Compiled ckeditor/plugins/specialchar/dialogs/lang/it.js  (0ms)  (pid 11740)
Compiled ckeditor/plugins/specialchar/dialogs/lang/ku.js  (0ms)  (pid 11740)
Compiled ckeditor/plugins/specialchar/dialogs/lang/lv.js  (0ms)  (pid 11740)
Compiled ckeditor/plugins/specialchar/dialogs/lang/nb.js  (0ms)  (pid 11740)
Compiled ckeditor/plugins/specialchar/dialogs/lang/nl.js  (0ms)  (pid 11740)
Compiled ckeditor/plugins/specialchar/dialogs/lang/no.js  (0ms)  (pid 11740)
Compiled ckeditor/plugins/specialchar/dialogs/lang/pl.js  (0ms)  (pid 11740)
Compiled ckeditor/plugins/specialchar/dialogs/lang/pt-br.js  (0ms)  (pid 11740)
Compiled ckeditor/plugins/specialchar/dialogs/lang/sk.js  (0ms)  (pid 11740)
Compiled ckeditor/plugins/specialchar/dialogs/lang/sq.js  (0ms)  (pid 11740)
Compiled ckeditor/plugins/specialchar/dialogs/lang/sv.js  (0ms)  (pid 11740)
Compiled ckeditor/plugins/specialchar/dialogs/lang/th.js  (0ms)  (pid 11740)
Compiled ckeditor/plugins/specialchar/dialogs/lang/tr.js  (0ms)  (pid 11740)
Compiled ckeditor/plugins/specialchar/dialogs/lang/ug.js  (0ms)  (pid 11740)
Compiled ckeditor/plugins/specialchar/dialogs/lang/zh-cn.js  (0ms)  (pid 11740)
Compiled ckeditor/plugins/specialchar/dialogs/specialchar.js  (0ms)  (pid 11740)
Compiled ckeditor/plugins/table/dialogs/table.js  (0ms)  (pid 11740)
Compiled ckeditor/plugins/tabletools/dialogs/tableCell.js  (0ms)  (pid 11740)
Compiled ckeditor/plugins/templates/dialogs/templates.js  (0ms)  (pid 11740)
Compiled ckeditor/plugins/templates/templates/default.js  (0ms)  (pid 11740)
Compiled ckeditor/plugins/wsc/dialogs/wsc.js  (0ms)  (pid 11740)
Compiled ckeditor/styles.js  (0ms)  (pid 11740)
Compiled ckeditor/contents.css  (0ms)  (pid 11740)
Compiled ckeditor/plugins/scayt/dialogs/toolbar.css  (0ms)  (pid 11740)
Compiled ckeditor/plugins/templates/dialogs/templates.css  (0ms)  (pid 11740)
Compiled ckeditor/plugins/wsc/dialogs/wsc.css  (0ms)  (pid 11740)
Compiled ckeditor/skins/moono/dialog.css  (0ms)  (pid 11740)
Compiled ckeditor/skins/moono/dialog_ie.css  (0ms)  (pid 11740)
Compiled ckeditor/skins/moono/dialog_ie7.css  (0ms)  (pid 11740)
Compiled ckeditor/skins/moono/dialog_ie8.css  (0ms)  (pid 11740)
Compiled ckeditor/skins/moono/dialog_iequirks.css  (0ms)  (pid 11740)
Compiled ckeditor/skins/moono/dialog_opera.css  (0ms)  (pid 11740)
Compiled ckeditor/skins/moono/editor.css  (0ms)  (pid 11740)
Compiled ckeditor/skins/moono/editor_gecko.css  (0ms)  (pid 11740)
Compiled ckeditor/skins/moono/editor_ie.css  (0ms)  (pid 11740)
Compiled ckeditor/skins/moono/editor_ie7.css  (0ms)  (pid 11740)
Compiled ckeditor/skins/moono/editor_ie8.css  (0ms)  (pid 11740)
Compiled ckeditor/skins/moono/editor_iequirks.css  (0ms)  (pid 11740)
Connecting to database specified by database.yml
Compiled jquery.js  (4ms)  (pid 11740)
Compiled jquery_ujs.js  (0ms)  (pid 11740)
Compiled jquery-ui.js  (6ms)  (pid 11740)
Compiled autocomplete-rails.js  (0ms)  (pid 11740)
Compiled twitter/bootstrap/bootstrap-transition.js  (0ms)  (pid 11740)
Compiled twitter/bootstrap/bootstrap-alert.js  (0ms)  (pid 11740)
Compiled twitter/bootstrap/bootstrap-modal.js  (0ms)  (pid 11740)
Compiled twitter/bootstrap/bootstrap-dropdown.js  (0ms)  (pid 11740)
Compiled twitter/bootstrap/bootstrap-scrollspy.js  (0ms)  (pid 11740)
Compiled twitter/bootstrap/bootstrap-tab.js  (0ms)  (pid 11740)
Compiled twitter/bootstrap/bootstrap-tooltip.js  (0ms)  (pid 11740)
Compiled twitter/bootstrap/bootstrap-popover.js  (0ms)  (pid 11740)
Compiled twitter/bootstrap/bootstrap-button.js  (0ms)  (pid 11740)
Compiled twitter/bootstrap/bootstrap-collapse.js  (0ms)  (pid 11740)
Compiled twitter/bootstrap/bootstrap-carousel.js  (0ms)  (pid 11740)
Compiled twitter/bootstrap/bootstrap-typeahead.js  (0ms)  (pid 11740)
Compiled twitter/bootstrap/bootstrap-affix.js  (0ms)  (pid 11740)
Compiled twitter/bootstrap.js  (110ms)  (pid 11740)
Compiled jquery_nested_form.js  (0ms)  (pid 11740)
Compiled ckeditor/basepath.js  (0ms)  (pid 11740)
Compiled ckeditor/ckeditor.js  (9ms)  (pid 11740)
Compiled ckeditor/jquery.js  (0ms)  (pid 11740)
Compiled ckeditor-jquery.js  (30ms)  (pid 11740)
Compiled bootstrap-datepicker.js  (0ms)  (pid 11740)
Compiled application.js  (279ms)  (pid 11740)
Compiled twitter-bootstrap-static/bootstrap.css  (50ms)  (pid 11740)
Compiled twitter-bootstrap-static/fontawesome.css  (63ms)  (pid 11740)
Compiled bootstrap_and_overrides.css  (127ms)  (pid 11740)
Compiled datepicker.css  (0ms)  (pid 11740)
Compiled autocomplete.css  (0ms)  (pid 11740)
Compiled bootstrap_and_overrides.css  (985ms)  (pid 11740)
Compiled elements.css  (0ms)  (pid 11740)
Compiled error_reports.css  (6ms)  (pid 11740)
Compiled scaffolds.css  (10ms)  (pid 11740)
Compiled theme.css  (0ms)  (pid 11740)
Compiled application.css  (1158ms)  (pid 11740)
Compiled ckeditor/build-config.js  (0ms)  (pid 11740)
Compiled ckeditor/config.js  (0ms)  (pid 11740)
Compiled ckeditor/lang/af.js  (41ms)  (pid 11740)
Compiled ckeditor/lang/ar.js  (1ms)  (pid 11740)
Compiled ckeditor/lang/bg.js  (1ms)  (pid 11740)
Compiled ckeditor/lang/bn.js  (0ms)  (pid 11740)
Compiled ckeditor/lang/bs.js  (0ms)  (pid 11740)
Compiled ckeditor/lang/ca.js  (0ms)  (pid 11740)
Compiled ckeditor/lang/cs.js  (0ms)  (pid 11740)
Compiled ckeditor/lang/cy.js  (0ms)  (pid 11740)
Compiled ckeditor/lang/da.js  (0ms)  (pid 11740)
Compiled ckeditor/lang/de.js  (0ms)  (pid 11740)
Compiled ckeditor/lang/el.js  (1ms)  (pid 11740)
Compiled ckeditor/lang/en-au.js  (0ms)  (pid 11740)
Compiled ckeditor/lang/en-ca.js  (0ms)  (pid 11740)
Compiled ckeditor/lang/en-gb.js  (0ms)  (pid 11740)
Compiled ckeditor/lang/en.js  (0ms)  (pid 11740)
Compiled ckeditor/lang/eo.js  (0ms)  (pid 11740)
Compiled ckeditor/lang/es.js  (0ms)  (pid 11740)
Compiled ckeditor/lang/et.js  (0ms)  (pid 11740)
Compiled ckeditor/lang/eu.js  (0ms)  (pid 11740)
Compiled ckeditor/lang/fa.js  (1ms)  (pid 11740)
Compiled ckeditor/lang/fi.js  (0ms)  (pid 11740)
Compiled ckeditor/lang/fo.js  (0ms)  (pid 11740)
Compiled ckeditor/lang/fr-ca.js  (0ms)  (pid 11740)
Compiled ckeditor/lang/fr.js  (0ms)  (pid 11740)
Compiled ckeditor/lang/gl.js  (0ms)  (pid 11740)
Compiled ckeditor/lang/gu.js  (1ms)  (pid 11740)
Compiled ckeditor/lang/he.js  (1ms)  (pid 11740)
Compiled ckeditor/lang/hi.js  (0ms)  (pid 11740)
Compiled ckeditor/lang/hr.js  (0ms)  (pid 11740)
Compiled ckeditor/lang/hu.js  (0ms)  (pid 11740)
Compiled ckeditor/lang/is.js  (0ms)  (pid 11740)
Compiled ckeditor/lang/it.js  (0ms)  (pid 11740)
Compiled ckeditor/lang/ja.js  (0ms)  (pid 11740)
Compiled ckeditor/lang/ka.js  (1ms)  (pid 11740)
Compiled ckeditor/lang/km.js  (1ms)  (pid 11740)
Compiled ckeditor/lang/ko.js  (0ms)  (pid 11740)
Compiled ckeditor/lang/ku.js  (1ms)  (pid 11740)
Compiled ckeditor/lang/lt.js  (0ms)  (pid 11740)
Compiled ckeditor/lang/lv.js  (0ms)  (pid 11740)
Compiled ckeditor/lang/mk.js  (0ms)  (pid 11740)
Compiled ckeditor/lang/mn.js  (1ms)  (pid 11740)
Compiled ckeditor/lang/ms.js  (0ms)  (pid 11740)
Compiled ckeditor/lang/nb.js  (0ms)  (pid 11740)
Compiled ckeditor/lang/nl.js  (0ms)  (pid 11740)
Compiled ckeditor/lang/no.js  (0ms)  (pid 11740)
Compiled ckeditor/lang/pl.js  (0ms)  (pid 11740)
Compiled ckeditor/lang/pt-br.js  (0ms)  (pid 11740)
Compiled ckeditor/lang/pt.js  (0ms)  (pid 11740)
Compiled ckeditor/lang/ro.js  (0ms)  (pid 11740)
Compiled ckeditor/lang/ru.js  (1ms)  (pid 11740)
Compiled ckeditor/lang/sk.js  (0ms)  (pid 11740)
Compiled ckeditor/lang/sl.js  (0ms)  (pid 11740)
Compiled ckeditor/lang/sq.js  (0ms)  (pid 11740)
Compiled ckeditor/lang/sr-latn.js  (0ms)  (pid 11740)
Compiled ckeditor/lang/sr.js  (0ms)  (pid 11740)
Compiled ckeditor/lang/sv.js  (0ms)  (pid 11740)
Compiled ckeditor/lang/th.js  (1ms)  (pid 11740)
Compiled ckeditor/lang/tr.js  (0ms)  (pid 11740)
Compiled ckeditor/lang/ug.js  (1ms)  (pid 11740)
Compiled ckeditor/lang/uk.js  (1ms)  (pid 11740)
Compiled ckeditor/lang/vi.js  (1ms)  (pid 11740)
Compiled ckeditor/lang/zh-cn.js  (0ms)  (pid 11740)
Compiled ckeditor/lang/zh.js  (0ms)  (pid 11740)
Compiled ckeditor/plugins/a11yhelp/dialogs/a11yhelp.js  (0ms)  (pid 11740)
Compiled ckeditor/plugins/a11yhelp/dialogs/lang/ar.js  (0ms)  (pid 11740)
Compiled ckeditor/plugins/a11yhelp/dialogs/lang/bg.js  (0ms)  (pid 11740)
Compiled ckeditor/plugins/a11yhelp/dialogs/lang/ca.js  (0ms)  (pid 11740)
Compiled ckeditor/plugins/a11yhelp/dialogs/lang/cs.js  (0ms)  (pid 11740)
Compiled ckeditor/plugins/a11yhelp/dialogs/lang/cy.js  (0ms)  (pid 11740)
Compiled ckeditor/plugins/a11yhelp/dialogs/lang/da.js  (0ms)  (pid 11740)
Compiled ckeditor/plugins/a11yhelp/dialogs/lang/de.js  (0ms)  (pid 11740)
Compiled ckeditor/plugins/a11yhelp/dialogs/lang/el.js  (0ms)  (pid 11740)
Compiled ckeditor/plugins/a11yhelp/dialogs/lang/en.js  (0ms)  (pid 11740)
Compiled ckeditor/plugins/a11yhelp/dialogs/lang/eo.js  (0ms)  (pid 11740)
Compiled ckeditor/plugins/a11yhelp/dialogs/lang/es.js  (0ms)  (pid 11740)
Compiled ckeditor/plugins/a11yhelp/dialogs/lang/et.js  (0ms)  (pid 11740)
Compiled ckeditor/plugins/a11yhelp/dialogs/lang/fa.js  (0ms)  (pid 11740)
Compiled ckeditor/plugins/a11yhelp/dialogs/lang/fi.js  (0ms)  (pid 11740)
Compiled ckeditor/plugins/a11yhelp/dialogs/lang/fr-ca.js  (0ms)  (pid 11740)
Compiled ckeditor/plugins/a11yhelp/dialogs/lang/fr.js  (0ms)  (pid 11740)
Compiled ckeditor/plugins/a11yhelp/dialogs/lang/gu.js  (0ms)  (pid 11740)
Compiled ckeditor/plugins/a11yhelp/dialogs/lang/he.js  (0ms)  (pid 11740)
Compiled ckeditor/plugins/a11yhelp/dialogs/lang/hi.js  (0ms)  (pid 11740)
Compiled ckeditor/plugins/a11yhelp/dialogs/lang/hr.js  (0ms)  (pid 11740)
Compiled ckeditor/plugins/a11yhelp/dialogs/lang/hu.js  (0ms)  (pid 11740)
Compiled ckeditor/plugins/a11yhelp/dialogs/lang/it.js  (0ms)  (pid 11740)
Compiled ckeditor/plugins/a11yhelp/dialogs/lang/ja.js  (0ms)  (pid 11740)
Compiled ckeditor/plugins/a11yhelp/dialogs/lang/km.js  (0ms)  (pid 11740)
Compiled ckeditor/plugins/a11yhelp/dialogs/lang/ku.js  (0ms)  (pid 11740)
Compiled ckeditor/plugins/a11yhelp/dialogs/lang/lt.js  (0ms)  (pid 11740)
Compiled ckeditor/plugins/a11yhelp/dialogs/lang/lv.js  (0ms)  (pid 11740)
Compiled ckeditor/plugins/a11yhelp/dialogs/lang/mk.js  (0ms)  (pid 11740)
Compiled ckeditor/plugins/a11yhelp/dialogs/lang/mn.js  (0ms)  (pid 11740)
Compiled ckeditor/plugins/a11yhelp/dialogs/lang/nb.js  (0ms)  (pid 11740)
Compiled ckeditor/plugins/a11yhelp/dialogs/lang/nl.js  (0ms)  (pid 11740)
Compiled ckeditor/plugins/a11yhelp/dialogs/lang/no.js  (0ms)  (pid 11740)
Compiled ckeditor/plugins/a11yhelp/dialogs/lang/pl.js  (0ms)  (pid 11740)
Compiled ckeditor/plugins/a11yhelp/dialogs/lang/pt-br.js  (0ms)  (pid 11740)
Compiled ckeditor/plugins/a11yhelp/dialogs/lang/pt.js  (0ms)  (pid 11740)
Compiled ckeditor/plugins/a11yhelp/dialogs/lang/ro.js  (0ms)  (pid 11740)
Compiled ckeditor/plugins/a11yhelp/dialogs/lang/ru.js  (0ms)  (pid 11740)
Compiled ckeditor/plugins/a11yhelp/dialogs/lang/sk.js  (0ms)  (pid 11740)
Compiled ckeditor/plugins/a11yhelp/dialogs/lang/sl.js  (0ms)  (pid 11740)
Compiled ckeditor/plugins/a11yhelp/dialogs/lang/sq.js  (0ms)  (pid 11740)
Compiled ckeditor/plugins/a11yhelp/dialogs/lang/sv.js  (0ms)  (pid 11740)
Compiled ckeditor/plugins/a11yhelp/dialogs/lang/th.js  (0ms)  (pid 11740)
Compiled ckeditor/plugins/a11yhelp/dialogs/lang/tr.js  (0ms)  (pid 11740)
Compiled ckeditor/plugins/a11yhelp/dialogs/lang/ug.js  (0ms)  (pid 11740)
Compiled ckeditor/plugins/a11yhelp/dialogs/lang/uk.js  (0ms)  (pid 11740)
Compiled ckeditor/plugins/a11yhelp/dialogs/lang/vi.js  (0ms)  (pid 11740)
Compiled ckeditor/plugins/a11yhelp/dialogs/lang/zh-cn.js  (0ms)  (pid 11740)
Compiled ckeditor/plugins/about/dialogs/about.js  (0ms)  (pid 11740)
Compiled ckeditor/plugins/clipboard/dialogs/paste.js  (0ms)  (pid 11740)
Compiled ckeditor/plugins/colordialog/dialogs/colordialog.js  (0ms)  (pid 11740)
Compiled ckeditor/plugins/dialog/dialogDefinition.js  (0ms)  (pid 11740)
Compiled ckeditor/plugins/div/dialogs/div.js  (0ms)  (pid 11740)
Compiled ckeditor/plugins/find/dialogs/find.js  (0ms)  (pid 11740)
Compiled ckeditor/plugins/flash/dialogs/flash.js  (0ms)  (pid 11740)
Compiled ckeditor/plugins/forms/dialogs/button.js  (0ms)  (pid 11740)
Compiled ckeditor/plugins/forms/dialogs/checkbox.js  (0ms)  (pid 11740)
Compiled ckeditor/plugins/forms/dialogs/form.js  (0ms)  (pid 11740)
Compiled ckeditor/plugins/forms/dialogs/hiddenfield.js  (0ms)  (pid 11740)
Compiled ckeditor/plugins/forms/dialogs/radio.js  (0ms)  (pid 11740)
Compiled ckeditor/plugins/forms/dialogs/select.js  (0ms)  (pid 11740)
Compiled ckeditor/plugins/forms/dialogs/textarea.js  (0ms)  (pid 11740)
Compiled ckeditor/plugins/forms/dialogs/textfield.js  (0ms)  (pid 11740)
Compiled ckeditor/plugins/iframe/dialogs/iframe.js  (0ms)  (pid 11740)
Compiled ckeditor/plugins/image/dialogs/image.js  (0ms)  (pid 11740)
Compiled ckeditor/plugins/link/dialogs/anchor.js  (0ms)  (pid 11740)
Compiled ckeditor/plugins/link/dialogs/link.js  (0ms)  (pid 11740)
Compiled ckeditor/plugins/liststyle/dialogs/liststyle.js  (0ms)  (pid 11740)
Compiled ckeditor/plugins/pastefromword/filter/default.js  (0ms)  (pid 11740)
Compiled ckeditor/plugins/scayt/dialogs/options.js  (49ms)  (pid 11740)
Compiled ckeditor/plugins/smiley/dialogs/smiley.js  (0ms)  (pid 11740)
Compiled ckeditor/plugins/specialchar/dialogs/lang/ca.js  (0ms)  (pid 11740)
Compiled ckeditor/plugins/specialchar/dialogs/lang/cs.js  (0ms)  (pid 11740)
Compiled ckeditor/plugins/specialchar/dialogs/lang/cy.js  (0ms)  (pid 11740)
Compiled ckeditor/plugins/specialchar/dialogs/lang/de.js  (0ms)  (pid 11740)
Compiled ckeditor/plugins/specialchar/dialogs/lang/el.js  (0ms)  (pid 11740)
Compiled ckeditor/plugins/specialchar/dialogs/lang/en.js  (0ms)  (pid 11740)
Compiled ckeditor/plugins/specialchar/dialogs/lang/eo.js  (0ms)  (pid 11740)
Compiled ckeditor/plugins/specialchar/dialogs/lang/es.js  (0ms)  (pid 11740)
Compiled ckeditor/plugins/specialchar/dialogs/lang/et.js  (0ms)  (pid 11740)
Compiled ckeditor/plugins/specialchar/dialogs/lang/fa.js  (0ms)  (pid 11740)
Compiled ckeditor/plugins/specialchar/dialogs/lang/fi.js  (0ms)  (pid 11740)
Compiled ckeditor/plugins/specialchar/dialogs/lang/fr-ca.js  (0ms)  (pid 11740)
Compiled ckeditor/plugins/specialchar/dialogs/lang/fr.js  (0ms)  (pid 11740)
Compiled ckeditor/plugins/specialchar/dialogs/lang/he.js  (0ms)  (pid 11740)
Compiled ckeditor/plugins/specialchar/dialogs/lang/hr.js  (0ms)  (pid 11740)
Compiled ckeditor/plugins/specialchar/dialogs/lang/it.js  (0ms)  (pid 11740)
Compiled ckeditor/plugins/specialchar/dialogs/lang/ku.js  (0ms)  (pid 11740)
Compiled ckeditor/plugins/specialchar/dialogs/lang/lv.js  (0ms)  (pid 11740)
Compiled ckeditor/plugins/specialchar/dialogs/lang/nb.js  (0ms)  (pid 11740)
Compiled ckeditor/plugins/specialchar/dialogs/lang/nl.js  (0ms)  (pid 11740)
Compiled ckeditor/plugins/specialchar/dialogs/lang/no.js  (0ms)  (pid 11740)
Compiled ckeditor/plugins/specialchar/dialogs/lang/pl.js  (0ms)  (pid 11740)
Compiled ckeditor/plugins/specialchar/dialogs/lang/pt-br.js  (0ms)  (pid 11740)
Compiled ckeditor/plugins/specialchar/dialogs/lang/sk.js  (0ms)  (pid 11740)
Compiled ckeditor/plugins/specialchar/dialogs/lang/sq.js  (0ms)  (pid 11740)
Compiled ckeditor/plugins/specialchar/dialogs/lang/sv.js  (0ms)  (pid 11740)
Compiled ckeditor/plugins/specialchar/dialogs/lang/th.js  (0ms)  (pid 11740)
Compiled ckeditor/plugins/specialchar/dialogs/lang/tr.js  (0ms)  (pid 11740)
Compiled ckeditor/plugins/specialchar/dialogs/lang/ug.js  (0ms)  (pid 11740)
Compiled ckeditor/plugins/specialchar/dialogs/lang/zh-cn.js  (0ms)  (pid 11740)
Compiled ckeditor/plugins/specialchar/dialogs/specialchar.js  (0ms)  (pid 11740)
Compiled ckeditor/plugins/table/dialogs/table.js  (0ms)  (pid 11740)
Compiled ckeditor/plugins/tabletools/dialogs/tableCell.js  (0ms)  (pid 11740)
Compiled ckeditor/plugins/templates/dialogs/templates.js  (0ms)  (pid 11740)
Compiled ckeditor/plugins/templates/templates/default.js  (0ms)  (pid 11740)
Compiled ckeditor/plugins/wsc/dialogs/wsc.js  (0ms)  (pid 11740)
Compiled ckeditor/styles.js  (0ms)  (pid 11740)
Compiled ckeditor/contents.css  (0ms)  (pid 11740)
Compiled ckeditor/plugins/scayt/dialogs/toolbar.css  (0ms)  (pid 11740)
Compiled ckeditor/plugins/templates/dialogs/templates.css  (0ms)  (pid 11740)
Compiled ckeditor/plugins/wsc/dialogs/wsc.css  (0ms)  (pid 11740)
Compiled ckeditor/skins/moono/dialog.css  (0ms)  (pid 11740)
Compiled ckeditor/skins/moono/dialog_ie.css  (0ms)  (pid 11740)
Compiled ckeditor/skins/moono/dialog_ie7.css  (0ms)  (pid 11740)
Compiled ckeditor/skins/moono/dialog_ie8.css  (0ms)  (pid 11740)
Compiled ckeditor/skins/moono/dialog_iequirks.css  (0ms)  (pid 11740)
Compiled ckeditor/skins/moono/dialog_opera.css  (0ms)  (pid 11740)
Compiled ckeditor/skins/moono/editor.css  (0ms)  (pid 11740)
Compiled ckeditor/skins/moono/editor_gecko.css  (0ms)  (pid 11740)
Compiled ckeditor/skins/moono/editor_ie.css  (0ms)  (pid 11740)
Compiled ckeditor/skins/moono/editor_ie7.css  (0ms)  (pid 11740)
Compiled ckeditor/skins/moono/editor_ie8.css  (0ms)  (pid 11740)
Compiled ckeditor/skins/moono/editor_iequirks.css  (0ms)  (pid 11740)
Connecting to database specified by database.yml
Connecting to database specified by database.yml
Connecting to database specified by database.yml
Migrating to CreateBranches (20130508235055)
Migrating to CreateRoles (20130521222917)
Migrating to CreateUsers (20130521223323)
Migrating to AddDeviseToUsers (20130521223727)
Migrating to CreateStatuses (20130522004030)
Migrating to CreateClients (20130524013225)
Migrating to AddDeviseToClients (20130524013331)
Migrating to CreateCellphones (20130524224121)
Migrating to CreateComments (20130528233438)
Migrating to CreateComputers (20130529221512)
Migrating to CreateParts (20130529222458)
Migrating to CreateProgresses (20130529223032)
Migrating to CreateWorkshops (20130529223430)
Migrating to CreateBills (20130529224213)
Migrating to CreateClientNeeds (20130529225046)
Migrating to CreateOrders (20130529230741)
Migrating to CreateBranchClients (20130529231507)
Migrating to CreateBranchClientOrders (20130529231522)
Migrating to CreateOrderClientNeeds (20130604000422)
Migrating to CreateOrderCellphones (20130604231707)
Migrating to CreateOrderComputers (20130604232621)
Migrating to CreateErrorReports (20130709155306)
Migrating to AddSessionsTable (20130926222140)
Migrating to CreateSerialNumbers (20140125182748)
Migrating to CreateOrderSerialNumbers (20140128195202)
Connecting to database specified by database.yml
Connecting to database specified by database.yml
Compiled jquery.js  (4ms)  (pid 24409)
Compiled jquery_ujs.js  (0ms)  (pid 24409)
Compiled jquery-ui.js  (23ms)  (pid 24409)
Compiled autocomplete-rails.js  (0ms)  (pid 24409)
Compiled twitter/bootstrap/bootstrap-transition.js  (0ms)  (pid 24409)
Compiled twitter/bootstrap/bootstrap-alert.js  (0ms)  (pid 24409)
Compiled twitter/bootstrap/bootstrap-modal.js  (0ms)  (pid 24409)
Compiled twitter/bootstrap/bootstrap-dropdown.js  (0ms)  (pid 24409)
Compiled twitter/bootstrap/bootstrap-scrollspy.js  (0ms)  (pid 24409)
Compiled twitter/bootstrap/bootstrap-tab.js  (0ms)  (pid 24409)
Compiled twitter/bootstrap/bootstrap-tooltip.js  (0ms)  (pid 24409)
Compiled twitter/bootstrap/bootstrap-popover.js  (0ms)  (pid 24409)
Compiled twitter/bootstrap/bootstrap-button.js  (0ms)  (pid 24409)
Compiled twitter/bootstrap/bootstrap-collapse.js  (0ms)  (pid 24409)
Compiled twitter/bootstrap/bootstrap-carousel.js  (0ms)  (pid 24409)
Compiled twitter/bootstrap/bootstrap-typeahead.js  (0ms)  (pid 24409)
Compiled twitter/bootstrap/bootstrap-affix.js  (7ms)  (pid 24409)
Compiled twitter/bootstrap.js  (121ms)  (pid 24409)
Compiled jquery_nested_form.js  (0ms)  (pid 24409)
Compiled ckeditor/basepath.js  (1ms)  (pid 24409)
Compiled ckeditor/ckeditor.js  (58ms)  (pid 24409)
Compiled ckeditor/jquery.js  (0ms)  (pid 24409)
Compiled ckeditor-jquery.js  (109ms)  (pid 24409)
Compiled bootstrap-datepicker.js  (0ms)  (pid 24409)
Compiled application.js  (490ms)  (pid 24409)
Compiled twitter-bootstrap-static/bootstrap.css  (116ms)  (pid 24409)
Compiled twitter-bootstrap-static/fontawesome.css  (31ms)  (pid 24409)
Compiled bootstrap_and_overrides.css  (167ms)  (pid 24409)
Compiled datepicker.css  (0ms)  (pid 24409)
Compiled autocomplete.css  (0ms)  (pid 24409)
Compiled bootstrap_and_overrides.css  (1112ms)  (pid 24409)
Compiled elements.css  (0ms)  (pid 24409)
Compiled error_reports.css  (89ms)  (pid 24409)
Compiled scaffolds.css  (63ms)  (pid 24409)
Compiled theme.css  (0ms)  (pid 24409)
Compiled application.css  (1460ms)  (pid 24409)
Compiled ckeditor/build-config.js  (0ms)  (pid 24409)
Compiled ckeditor/config.js  (0ms)  (pid 24409)
Compiled ckeditor/lang/af.js  (0ms)  (pid 24409)
Compiled ckeditor/lang/ar.js  (1ms)  (pid 24409)
Compiled ckeditor/lang/bg.js  (1ms)  (pid 24409)
Compiled ckeditor/lang/bn.js  (0ms)  (pid 24409)
Compiled ckeditor/lang/bs.js  (0ms)  (pid 24409)
Compiled ckeditor/lang/ca.js  (0ms)  (pid 24409)
Compiled ckeditor/lang/cs.js  (0ms)  (pid 24409)
Compiled ckeditor/lang/cy.js  (0ms)  (pid 24409)
Compiled ckeditor/lang/da.js  (0ms)  (pid 24409)
Compiled ckeditor/lang/de.js  (0ms)  (pid 24409)
Compiled ckeditor/lang/el.js  (1ms)  (pid 24409)
Compiled ckeditor/lang/en-au.js  (0ms)  (pid 24409)
Compiled ckeditor/lang/en-ca.js  (0ms)  (pid 24409)
Compiled ckeditor/lang/en-gb.js  (0ms)  (pid 24409)
Compiled ckeditor/lang/en.js  (0ms)  (pid 24409)
Compiled ckeditor/lang/eo.js  (0ms)  (pid 24409)
Compiled ckeditor/lang/es.js  (0ms)  (pid 24409)
Compiled ckeditor/lang/et.js  (0ms)  (pid 24409)
Compiled ckeditor/lang/eu.js  (0ms)  (pid 24409)
Compiled ckeditor/lang/fa.js  (1ms)  (pid 24409)
Compiled ckeditor/lang/fi.js  (0ms)  (pid 24409)
Compiled ckeditor/lang/fo.js  (0ms)  (pid 24409)
Compiled ckeditor/lang/fr-ca.js  (0ms)  (pid 24409)
Compiled ckeditor/lang/fr.js  (0ms)  (pid 24409)
Compiled ckeditor/lang/gl.js  (0ms)  (pid 24409)
Compiled ckeditor/lang/gu.js  (1ms)  (pid 24409)
Compiled ckeditor/lang/he.js  (1ms)  (pid 24409)
Compiled ckeditor/lang/hi.js  (0ms)  (pid 24409)
Compiled ckeditor/lang/hr.js  (0ms)  (pid 24409)
Compiled ckeditor/lang/hu.js  (0ms)  (pid 24409)
Compiled ckeditor/lang/is.js  (0ms)  (pid 24409)
Compiled ckeditor/lang/it.js  (0ms)  (pid 24409)
Compiled ckeditor/lang/ja.js  (0ms)  (pid 24409)
Compiled ckeditor/lang/ka.js  (1ms)  (pid 24409)
Compiled ckeditor/lang/km.js  (1ms)  (pid 24409)
Compiled ckeditor/lang/ko.js  (0ms)  (pid 24409)
Compiled ckeditor/lang/ku.js  (1ms)  (pid 24409)
Compiled ckeditor/lang/lt.js  (0ms)  (pid 24409)
Compiled ckeditor/lang/lv.js  (0ms)  (pid 24409)
Compiled ckeditor/lang/mk.js  (0ms)  (pid 24409)
Compiled ckeditor/lang/mn.js  (1ms)  (pid 24409)
Compiled ckeditor/lang/ms.js  (0ms)  (pid 24409)
Compiled ckeditor/lang/nb.js  (0ms)  (pid 24409)
Compiled ckeditor/lang/nl.js  (0ms)  (pid 24409)
Compiled ckeditor/lang/no.js  (0ms)  (pid 24409)
Compiled ckeditor/lang/pl.js  (0ms)  (pid 24409)
Compiled ckeditor/lang/pt-br.js  (0ms)  (pid 24409)
Compiled ckeditor/lang/pt.js  (0ms)  (pid 24409)
Compiled ckeditor/lang/ro.js  (0ms)  (pid 24409)
Compiled ckeditor/lang/ru.js  (1ms)  (pid 24409)
Compiled ckeditor/lang/sk.js  (0ms)  (pid 24409)
Compiled ckeditor/lang/sl.js  (0ms)  (pid 24409)
Compiled ckeditor/lang/sq.js  (0ms)  (pid 24409)
Compiled ckeditor/lang/sr-latn.js  (0ms)  (pid 24409)
Compiled ckeditor/lang/sr.js  (0ms)  (pid 24409)
Compiled ckeditor/lang/sv.js  (0ms)  (pid 24409)
Compiled ckeditor/lang/th.js  (1ms)  (pid 24409)
Compiled ckeditor/lang/tr.js  (0ms)  (pid 24409)
Compiled ckeditor/lang/ug.js  (1ms)  (pid 24409)
Compiled ckeditor/lang/uk.js  (1ms)  (pid 24409)
Compiled ckeditor/lang/vi.js  (1ms)  (pid 24409)
Compiled ckeditor/lang/zh-cn.js  (0ms)  (pid 24409)
Compiled ckeditor/lang/zh.js  (0ms)  (pid 24409)
Compiled ckeditor/plugins/a11yhelp/dialogs/a11yhelp.js  (0ms)  (pid 24409)
Compiled ckeditor/plugins/a11yhelp/dialogs/lang/ar.js  (0ms)  (pid 24409)
Compiled ckeditor/plugins/a11yhelp/dialogs/lang/bg.js  (0ms)  (pid 24409)
Compiled ckeditor/plugins/a11yhelp/dialogs/lang/ca.js  (0ms)  (pid 24409)
Compiled ckeditor/plugins/a11yhelp/dialogs/lang/cs.js  (0ms)  (pid 24409)
Compiled ckeditor/plugins/a11yhelp/dialogs/lang/cy.js  (0ms)  (pid 24409)
Compiled ckeditor/plugins/a11yhelp/dialogs/lang/da.js  (0ms)  (pid 24409)
Compiled ckeditor/plugins/a11yhelp/dialogs/lang/de.js  (0ms)  (pid 24409)
Compiled ckeditor/plugins/a11yhelp/dialogs/lang/el.js  (0ms)  (pid 24409)
Compiled ckeditor/plugins/a11yhelp/dialogs/lang/en.js  (0ms)  (pid 24409)
Compiled ckeditor/plugins/a11yhelp/dialogs/lang/eo.js  (0ms)  (pid 24409)
Compiled ckeditor/plugins/a11yhelp/dialogs/lang/es.js  (0ms)  (pid 24409)
Compiled ckeditor/plugins/a11yhelp/dialogs/lang/et.js  (0ms)  (pid 24409)
Compiled ckeditor/plugins/a11yhelp/dialogs/lang/fa.js  (0ms)  (pid 24409)
Compiled ckeditor/plugins/a11yhelp/dialogs/lang/fi.js  (0ms)  (pid 24409)
Compiled ckeditor/plugins/a11yhelp/dialogs/lang/fr-ca.js  (0ms)  (pid 24409)
Compiled ckeditor/plugins/a11yhelp/dialogs/lang/fr.js  (0ms)  (pid 24409)
Compiled ckeditor/plugins/a11yhelp/dialogs/lang/gu.js  (0ms)  (pid 24409)
Compiled ckeditor/plugins/a11yhelp/dialogs/lang/he.js  (0ms)  (pid 24409)
Compiled ckeditor/plugins/a11yhelp/dialogs/lang/hi.js  (0ms)  (pid 24409)
Compiled ckeditor/plugins/a11yhelp/dialogs/lang/hr.js  (0ms)  (pid 24409)
Compiled ckeditor/plugins/a11yhelp/dialogs/lang/hu.js  (0ms)  (pid 24409)
Compiled ckeditor/plugins/a11yhelp/dialogs/lang/it.js  (0ms)  (pid 24409)
Compiled ckeditor/plugins/a11yhelp/dialogs/lang/ja.js  (0ms)  (pid 24409)
Compiled ckeditor/plugins/a11yhelp/dialogs/lang/km.js  (0ms)  (pid 24409)
Compiled ckeditor/plugins/a11yhelp/dialogs/lang/ku.js  (0ms)  (pid 24409)
Compiled ckeditor/plugins/a11yhelp/dialogs/lang/lt.js  (0ms)  (pid 24409)
Compiled ckeditor/plugins/a11yhelp/dialogs/lang/lv.js  (0ms)  (pid 24409)
Compiled ckeditor/plugins/a11yhelp/dialogs/lang/mk.js  (0ms)  (pid 24409)
Compiled ckeditor/plugins/a11yhelp/dialogs/lang/mn.js  (0ms)  (pid 24409)
Compiled ckeditor/plugins/a11yhelp/dialogs/lang/nb.js  (0ms)  (pid 24409)
Compiled ckeditor/plugins/a11yhelp/dialogs/lang/nl.js  (0ms)  (pid 24409)
Compiled ckeditor/plugins/a11yhelp/dialogs/lang/no.js  (0ms)  (pid 24409)
Compiled ckeditor/plugins/a11yhelp/dialogs/lang/pl.js  (0ms)  (pid 24409)
Compiled ckeditor/plugins/a11yhelp/dialogs/lang/pt-br.js  (0ms)  (pid 24409)
Compiled ckeditor/plugins/a11yhelp/dialogs/lang/pt.js  (0ms)  (pid 24409)
Compiled ckeditor/plugins/a11yhelp/dialogs/lang/ro.js  (0ms)  (pid 24409)
Compiled ckeditor/plugins/a11yhelp/dialogs/lang/ru.js  (0ms)  (pid 24409)
Compiled ckeditor/plugins/a11yhelp/dialogs/lang/sk.js  (0ms)  (pid 24409)
Compiled ckeditor/plugins/a11yhelp/dialogs/lang/sl.js  (0ms)  (pid 24409)
Compiled ckeditor/plugins/a11yhelp/dialogs/lang/sq.js  (0ms)  (pid 24409)
Compiled ckeditor/plugins/a11yhelp/dialogs/lang/sv.js  (0ms)  (pid 24409)
Compiled ckeditor/plugins/a11yhelp/dialogs/lang/th.js  (0ms)  (pid 24409)
Compiled ckeditor/plugins/a11yhelp/dialogs/lang/tr.js  (0ms)  (pid 24409)
Compiled ckeditor/plugins/a11yhelp/dialogs/lang/ug.js  (0ms)  (pid 24409)
Compiled ckeditor/plugins/a11yhelp/dialogs/lang/uk.js  (0ms)  (pid 24409)
Compiled ckeditor/plugins/a11yhelp/dialogs/lang/vi.js  (0ms)  (pid 24409)
Compiled ckeditor/plugins/a11yhelp/dialogs/lang/zh-cn.js  (0ms)  (pid 24409)
Compiled ckeditor/plugins/about/dialogs/about.js  (0ms)  (pid 24409)
Compiled ckeditor/plugins/clipboard/dialogs/paste.js  (0ms)  (pid 24409)
Compiled ckeditor/plugins/colordialog/dialogs/colordialog.js  (0ms)  (pid 24409)
Compiled ckeditor/plugins/dialog/dialogDefinition.js  (0ms)  (pid 24409)
Compiled ckeditor/plugins/div/dialogs/div.js  (0ms)  (pid 24409)
Compiled ckeditor/plugins/find/dialogs/find.js  (0ms)  (pid 24409)
Compiled ckeditor/plugins/flash/dialogs/flash.js  (0ms)  (pid 24409)
Compiled ckeditor/plugins/forms/dialogs/button.js  (0ms)  (pid 24409)
Compiled ckeditor/plugins/forms/dialogs/checkbox.js  (0ms)  (pid 24409)
Compiled ckeditor/plugins/forms/dialogs/form.js  (0ms)  (pid 24409)
Compiled ckeditor/plugins/forms/dialogs/hiddenfield.js  (0ms)  (pid 24409)
Compiled ckeditor/plugins/forms/dialogs/radio.js  (0ms)  (pid 24409)
Compiled ckeditor/plugins/forms/dialogs/select.js  (0ms)  (pid 24409)
Compiled ckeditor/plugins/forms/dialogs/textarea.js  (0ms)  (pid 24409)
Compiled ckeditor/plugins/forms/dialogs/textfield.js  (0ms)  (pid 24409)
Compiled ckeditor/plugins/iframe/dialogs/iframe.js  (0ms)  (pid 24409)
Compiled ckeditor/plugins/image/dialogs/image.js  (0ms)  (pid 24409)
Compiled ckeditor/plugins/link/dialogs/anchor.js  (0ms)  (pid 24409)
Compiled ckeditor/plugins/link/dialogs/link.js  (0ms)  (pid 24409)
Compiled ckeditor/plugins/liststyle/dialogs/liststyle.js  (0ms)  (pid 24409)
Compiled ckeditor/plugins/pastefromword/filter/default.js  (0ms)  (pid 24409)
Compiled ckeditor/plugins/scayt/dialogs/options.js  (0ms)  (pid 24409)
Compiled ckeditor/plugins/smiley/dialogs/smiley.js  (0ms)  (pid 24409)
Compiled ckeditor/plugins/specialchar/dialogs/lang/ca.js  (0ms)  (pid 24409)
Compiled ckeditor/plugins/specialchar/dialogs/lang/cs.js  (0ms)  (pid 24409)
Compiled ckeditor/plugins/specialchar/dialogs/lang/cy.js  (0ms)  (pid 24409)
Compiled ckeditor/plugins/specialchar/dialogs/lang/de.js  (0ms)  (pid 24409)
Compiled ckeditor/plugins/specialchar/dialogs/lang/el.js  (0ms)  (pid 24409)
Compiled ckeditor/plugins/specialchar/dialogs/lang/en.js  (0ms)  (pid 24409)
Compiled ckeditor/plugins/specialchar/dialogs/lang/eo.js  (0ms)  (pid 24409)
Compiled ckeditor/plugins/specialchar/dialogs/lang/es.js  (0ms)  (pid 24409)
Compiled ckeditor/plugins/specialchar/dialogs/lang/et.js  (0ms)  (pid 24409)
Compiled ckeditor/plugins/specialchar/dialogs/lang/fa.js  (0ms)  (pid 24409)
Compiled ckeditor/plugins/specialchar/dialogs/lang/fi.js  (0ms)  (pid 24409)
Compiled ckeditor/plugins/specialchar/dialogs/lang/fr-ca.js  (0ms)  (pid 24409)
Compiled ckeditor/plugins/specialchar/dialogs/lang/fr.js  (0ms)  (pid 24409)
Compiled ckeditor/plugins/specialchar/dialogs/lang/he.js  (0ms)  (pid 24409)
Compiled ckeditor/plugins/specialchar/dialogs/lang/hr.js  (0ms)  (pid 24409)
Compiled ckeditor/plugins/specialchar/dialogs/lang/it.js  (0ms)  (pid 24409)
Compiled ckeditor/plugins/specialchar/dialogs/lang/ku.js  (0ms)  (pid 24409)
Compiled ckeditor/plugins/specialchar/dialogs/lang/lv.js  (0ms)  (pid 24409)
Compiled ckeditor/plugins/specialchar/dialogs/lang/nb.js  (0ms)  (pid 24409)
Compiled ckeditor/plugins/specialchar/dialogs/lang/nl.js  (0ms)  (pid 24409)
Compiled ckeditor/plugins/specialchar/dialogs/lang/no.js  (0ms)  (pid 24409)
Compiled ckeditor/plugins/specialchar/dialogs/lang/pl.js  (0ms)  (pid 24409)
Compiled ckeditor/plugins/specialchar/dialogs/lang/pt-br.js  (0ms)  (pid 24409)
Compiled ckeditor/plugins/specialchar/dialogs/lang/sk.js  (0ms)  (pid 24409)
Compiled ckeditor/plugins/specialchar/dialogs/lang/sq.js  (0ms)  (pid 24409)
Compiled ckeditor/plugins/specialchar/dialogs/lang/sv.js  (0ms)  (pid 24409)
Compiled ckeditor/plugins/specialchar/dialogs/lang/th.js  (0ms)  (pid 24409)
Compiled ckeditor/plugins/specialchar/dialogs/lang/tr.js  (0ms)  (pid 24409)
Compiled ckeditor/plugins/specialchar/dialogs/lang/ug.js  (0ms)  (pid 24409)
Compiled ckeditor/plugins/specialchar/dialogs/lang/zh-cn.js  (0ms)  (pid 24409)
Compiled ckeditor/plugins/specialchar/dialogs/specialchar.js  (0ms)  (pid 24409)
Compiled ckeditor/plugins/table/dialogs/table.js  (0ms)  (pid 24409)
Compiled ckeditor/plugins/tabletools/dialogs/tableCell.js  (0ms)  (pid 24409)
Compiled ckeditor/plugins/templates/dialogs/templates.js  (0ms)  (pid 24409)
Compiled ckeditor/plugins/templates/templates/default.js  (0ms)  (pid 24409)
Compiled ckeditor/plugins/wsc/dialogs/wsc.js  (0ms)  (pid 24409)
Compiled ckeditor/styles.js  (0ms)  (pid 24409)
Compiled ckeditor/contents.css  (0ms)  (pid 24409)
Compiled ckeditor/plugins/scayt/dialogs/toolbar.css  (0ms)  (pid 24409)
Compiled ckeditor/plugins/templates/dialogs/templates.css  (0ms)  (pid 24409)
Compiled ckeditor/plugins/wsc/dialogs/wsc.css  (0ms)  (pid 24409)
Compiled ckeditor/skins/moono/dialog.css  (55ms)  (pid 24409)
Compiled ckeditor/skins/moono/dialog_ie.css  (0ms)  (pid 24409)
Compiled ckeditor/skins/moono/dialog_ie7.css  (0ms)  (pid 24409)
Compiled ckeditor/skins/moono/dialog_ie8.css  (0ms)  (pid 24409)
Compiled ckeditor/skins/moono/dialog_iequirks.css  (0ms)  (pid 24409)
Compiled ckeditor/skins/moono/dialog_opera.css  (0ms)  (pid 24409)
Compiled ckeditor/skins/moono/editor.css  (0ms)  (pid 24409)
Compiled ckeditor/skins/moono/editor_gecko.css  (0ms)  (pid 24409)
Compiled ckeditor/skins/moono/editor_ie.css  (0ms)  (pid 24409)
Compiled ckeditor/skins/moono/editor_ie7.css  (0ms)  (pid 24409)
Compiled ckeditor/skins/moono/editor_ie8.css  (0ms)  (pid 24409)
Compiled ckeditor/skins/moono/editor_iequirks.css  (0ms)  (pid 24409)
Connecting to database specified by database.yml
Compiled jquery.js  (5ms)  (pid 24409)
Compiled jquery_ujs.js  (0ms)  (pid 24409)
Compiled jquery-ui.js  (8ms)  (pid 24409)
Compiled autocomplete-rails.js  (0ms)  (pid 24409)
Compiled twitter/bootstrap/bootstrap-transition.js  (0ms)  (pid 24409)
Compiled twitter/bootstrap/bootstrap-alert.js  (0ms)  (pid 24409)
Compiled twitter/bootstrap/bootstrap-modal.js  (0ms)  (pid 24409)
Compiled twitter/bootstrap/bootstrap-dropdown.js  (0ms)  (pid 24409)
Compiled twitter/bootstrap/bootstrap-scrollspy.js  (0ms)  (pid 24409)
Compiled twitter/bootstrap/bootstrap-tab.js  (0ms)  (pid 24409)
Compiled twitter/bootstrap/bootstrap-tooltip.js  (0ms)  (pid 24409)
Compiled twitter/bootstrap/bootstrap-popover.js  (0ms)  (pid 24409)
Compiled twitter/bootstrap/bootstrap-button.js  (0ms)  (pid 24409)
Compiled twitter/bootstrap/bootstrap-collapse.js  (0ms)  (pid 24409)
Compiled twitter/bootstrap/bootstrap-carousel.js  (0ms)  (pid 24409)
Compiled twitter/bootstrap/bootstrap-typeahead.js  (0ms)  (pid 24409)
Compiled twitter/bootstrap/bootstrap-affix.js  (0ms)  (pid 24409)
Compiled twitter/bootstrap.js  (70ms)  (pid 24409)
Compiled jquery_nested_form.js  (0ms)  (pid 24409)
Compiled ckeditor/basepath.js  (0ms)  (pid 24409)
Compiled ckeditor/ckeditor.js  (51ms)  (pid 24409)
Compiled ckeditor/jquery.js  (0ms)  (pid 24409)
Compiled ckeditor-jquery.js  (71ms)  (pid 24409)
Compiled bootstrap-datepicker.js  (0ms)  (pid 24409)
Compiled application.js  (247ms)  (pid 24409)
Compiled twitter-bootstrap-static/bootstrap.css  (112ms)  (pid 24409)
Compiled twitter-bootstrap-static/fontawesome.css  (18ms)  (pid 24409)
Compiled bootstrap_and_overrides.css  (144ms)  (pid 24409)
Compiled datepicker.css  (0ms)  (pid 24409)
Compiled autocomplete.css  (0ms)  (pid 24409)
Compiled bootstrap_and_overrides.css  (1006ms)  (pid 24409)
Compiled elements.css  (0ms)  (pid 24409)
Compiled error_reports.css  (5ms)  (pid 24409)
Compiled scaffolds.css  (10ms)  (pid 24409)
Compiled theme.css  (0ms)  (pid 24409)
Compiled application.css  (1193ms)  (pid 24409)
Compiled ckeditor/build-config.js  (0ms)  (pid 24409)
Compiled ckeditor/config.js  (0ms)  (pid 24409)
Compiled ckeditor/lang/af.js  (0ms)  (pid 24409)
Compiled ckeditor/lang/ar.js  (1ms)  (pid 24409)
Compiled ckeditor/lang/bg.js  (1ms)  (pid 24409)
Compiled ckeditor/lang/bn.js  (0ms)  (pid 24409)
Compiled ckeditor/lang/bs.js  (0ms)  (pid 24409)
Compiled ckeditor/lang/ca.js  (0ms)  (pid 24409)
Compiled ckeditor/lang/cs.js  (0ms)  (pid 24409)
Compiled ckeditor/lang/cy.js  (0ms)  (pid 24409)
Compiled ckeditor/lang/da.js  (0ms)  (pid 24409)
Compiled ckeditor/lang/de.js  (0ms)  (pid 24409)
Compiled ckeditor/lang/el.js  (1ms)  (pid 24409)
Compiled ckeditor/lang/en-au.js  (0ms)  (pid 24409)
Compiled ckeditor/lang/en-ca.js  (0ms)  (pid 24409)
Compiled ckeditor/lang/en-gb.js  (0ms)  (pid 24409)
Compiled ckeditor/lang/en.js  (0ms)  (pid 24409)
Compiled ckeditor/lang/eo.js  (0ms)  (pid 24409)
Compiled ckeditor/lang/es.js  (0ms)  (pid 24409)
Compiled ckeditor/lang/et.js  (0ms)  (pid 24409)
Compiled ckeditor/lang/eu.js  (0ms)  (pid 24409)
Compiled ckeditor/lang/fa.js  (1ms)  (pid 24409)
Compiled ckeditor/lang/fi.js  (0ms)  (pid 24409)
Compiled ckeditor/lang/fo.js  (0ms)  (pid 24409)
Compiled ckeditor/lang/fr-ca.js  (0ms)  (pid 24409)
Compiled ckeditor/lang/fr.js  (0ms)  (pid 24409)
Compiled ckeditor/lang/gl.js  (0ms)  (pid 24409)
Compiled ckeditor/lang/gu.js  (1ms)  (pid 24409)
Compiled ckeditor/lang/he.js  (1ms)  (pid 24409)
Compiled ckeditor/lang/hi.js  (0ms)  (pid 24409)
Compiled ckeditor/lang/hr.js  (0ms)  (pid 24409)
Compiled ckeditor/lang/hu.js  (0ms)  (pid 24409)
Compiled ckeditor/lang/is.js  (0ms)  (pid 24409)
Compiled ckeditor/lang/it.js  (0ms)  (pid 24409)
Compiled ckeditor/lang/ja.js  (0ms)  (pid 24409)
Compiled ckeditor/lang/ka.js  (1ms)  (pid 24409)
Compiled ckeditor/lang/km.js  (1ms)  (pid 24409)
Compiled ckeditor/lang/ko.js  (0ms)  (pid 24409)
Compiled ckeditor/lang/ku.js  (1ms)  (pid 24409)
Compiled ckeditor/lang/lt.js  (0ms)  (pid 24409)
Compiled ckeditor/lang/lv.js  (0ms)  (pid 24409)
Compiled ckeditor/lang/mk.js  (0ms)  (pid 24409)
Compiled ckeditor/lang/mn.js  (1ms)  (pid 24409)
Compiled ckeditor/lang/ms.js  (0ms)  (pid 24409)
Compiled ckeditor/lang/nb.js  (0ms)  (pid 24409)
Compiled ckeditor/lang/nl.js  (0ms)  (pid 24409)
Compiled ckeditor/lang/no.js  (0ms)  (pid 24409)
Compiled ckeditor/lang/pl.js  (0ms)  (pid 24409)
Compiled ckeditor/lang/pt-br.js  (0ms)  (pid 24409)
Compiled ckeditor/lang/pt.js  (0ms)  (pid 24409)
Compiled ckeditor/lang/ro.js  (0ms)  (pid 24409)
Compiled ckeditor/lang/ru.js  (1ms)  (pid 24409)
Compiled ckeditor/lang/sk.js  (0ms)  (pid 24409)
Compiled ckeditor/lang/sl.js  (0ms)  (pid 24409)
Compiled ckeditor/lang/sq.js  (0ms)  (pid 24409)
Compiled ckeditor/lang/sr-latn.js  (0ms)  (pid 24409)
Compiled ckeditor/lang/sr.js  (0ms)  (pid 24409)
Compiled ckeditor/lang/sv.js  (0ms)  (pid 24409)
Compiled ckeditor/lang/th.js  (1ms)  (pid 24409)
Compiled ckeditor/lang/tr.js  (0ms)  (pid 24409)
Compiled ckeditor/lang/ug.js  (1ms)  (pid 24409)
Compiled ckeditor/lang/uk.js  (1ms)  (pid 24409)
Compiled ckeditor/lang/vi.js  (1ms)  (pid 24409)
Compiled ckeditor/lang/zh-cn.js  (0ms)  (pid 24409)
Compiled ckeditor/lang/zh.js  (0ms)  (pid 24409)
Compiled ckeditor/plugins/a11yhelp/dialogs/a11yhelp.js  (0ms)  (pid 24409)
Compiled ckeditor/plugins/a11yhelp/dialogs/lang/ar.js  (0ms)  (pid 24409)
Compiled ckeditor/plugins/a11yhelp/dialogs/lang/bg.js  (0ms)  (pid 24409)
Compiled ckeditor/plugins/a11yhelp/dialogs/lang/ca.js  (0ms)  (pid 24409)
Compiled ckeditor/plugins/a11yhelp/dialogs/lang/cs.js  (0ms)  (pid 24409)
Compiled ckeditor/plugins/a11yhelp/dialogs/lang/cy.js  (0ms)  (pid 24409)
Compiled ckeditor/plugins/a11yhelp/dialogs/lang/da.js  (0ms)  (pid 24409)
Compiled ckeditor/plugins/a11yhelp/dialogs/lang/de.js  (0ms)  (pid 24409)
Compiled ckeditor/plugins/a11yhelp/dialogs/lang/el.js  (0ms)  (pid 24409)
Compiled ckeditor/plugins/a11yhelp/dialogs/lang/en.js  (0ms)  (pid 24409)
Compiled ckeditor/plugins/a11yhelp/dialogs/lang/eo.js  (0ms)  (pid 24409)
Compiled ckeditor/plugins/a11yhelp/dialogs/lang/es.js  (0ms)  (pid 24409)
Compiled ckeditor/plugins/a11yhelp/dialogs/lang/et.js  (0ms)  (pid 24409)
Compiled ckeditor/plugins/a11yhelp/dialogs/lang/fa.js  (0ms)  (pid 24409)
Compiled ckeditor/plugins/a11yhelp/dialogs/lang/fi.js  (0ms)  (pid 24409)
Compiled ckeditor/plugins/a11yhelp/dialogs/lang/fr-ca.js  (0ms)  (pid 24409)
Compiled ckeditor/plugins/a11yhelp/dialogs/lang/fr.js  (0ms)  (pid 24409)
Compiled ckeditor/plugins/a11yhelp/dialogs/lang/gu.js  (0ms)  (pid 24409)
Compiled ckeditor/plugins/a11yhelp/dialogs/lang/he.js  (0ms)  (pid 24409)
Compiled ckeditor/plugins/a11yhelp/dialogs/lang/hi.js  (0ms)  (pid 24409)
Compiled ckeditor/plugins/a11yhelp/dialogs/lang/hr.js  (0ms)  (pid 24409)
Compiled ckeditor/plugins/a11yhelp/dialogs/lang/hu.js  (0ms)  (pid 24409)
Compiled ckeditor/plugins/a11yhelp/dialogs/lang/it.js  (0ms)  (pid 24409)
Compiled ckeditor/plugins/a11yhelp/dialogs/lang/ja.js  (0ms)  (pid 24409)
Compiled ckeditor/plugins/a11yhelp/dialogs/lang/km.js  (0ms)  (pid 24409)
Compiled ckeditor/plugins/a11yhelp/dialogs/lang/ku.js  (0ms)  (pid 24409)
Compiled ckeditor/plugins/a11yhelp/dialogs/lang/lt.js  (0ms)  (pid 24409)
Compiled ckeditor/plugins/a11yhelp/dialogs/lang/lv.js  (0ms)  (pid 24409)
Compiled ckeditor/plugins/a11yhelp/dialogs/lang/mk.js  (0ms)  (pid 24409)
Compiled ckeditor/plugins/a11yhelp/dialogs/lang/mn.js  (0ms)  (pid 24409)
Compiled ckeditor/plugins/a11yhelp/dialogs/lang/nb.js  (0ms)  (pid 24409)
Compiled ckeditor/plugins/a11yhelp/dialogs/lang/nl.js  (0ms)  (pid 24409)
Compiled ckeditor/plugins/a11yhelp/dialogs/lang/no.js  (0ms)  (pid 24409)
Compiled ckeditor/plugins/a11yhelp/dialogs/lang/pl.js  (0ms)  (pid 24409)
Compiled ckeditor/plugins/a11yhelp/dialogs/lang/pt-br.js  (0ms)  (pid 24409)
Compiled ckeditor/plugins/a11yhelp/dialogs/lang/pt.js  (0ms)  (pid 24409)
Compiled ckeditor/plugins/a11yhelp/dialogs/lang/ro.js  (0ms)  (pid 24409)
Compiled ckeditor/plugins/a11yhelp/dialogs/lang/ru.js  (0ms)  (pid 24409)
Compiled ckeditor/plugins/a11yhelp/dialogs/lang/sk.js  (0ms)  (pid 24409)
Compiled ckeditor/plugins/a11yhelp/dialogs/lang/sl.js  (0ms)  (pid 24409)
Compiled ckeditor/plugins/a11yhelp/dialogs/lang/sq.js  (0ms)  (pid 24409)
Compiled ckeditor/plugins/a11yhelp/dialogs/lang/sv.js  (0ms)  (pid 24409)
Compiled ckeditor/plugins/a11yhelp/dialogs/lang/th.js  (0ms)  (pid 24409)
Compiled ckeditor/plugins/a11yhelp/dialogs/lang/tr.js  (0ms)  (pid 24409)
Compiled ckeditor/plugins/a11yhelp/dialogs/lang/ug.js  (0ms)  (pid 24409)
Compiled ckeditor/plugins/a11yhelp/dialogs/lang/uk.js  (0ms)  (pid 24409)
Compiled ckeditor/plugins/a11yhelp/dialogs/lang/vi.js  (0ms)  (pid 24409)
Compiled ckeditor/plugins/a11yhelp/dialogs/lang/zh-cn.js  (0ms)  (pid 24409)
Compiled ckeditor/plugins/about/dialogs/about.js  (0ms)  (pid 24409)
Compiled ckeditor/plugins/clipboard/dialogs/paste.js  (0ms)  (pid 24409)
Compiled ckeditor/plugins/colordialog/dialogs/colordialog.js  (0ms)  (pid 24409)
Compiled ckeditor/plugins/dialog/dialogDefinition.js  (0ms)  (pid 24409)
Compiled ckeditor/plugins/div/dialogs/div.js  (0ms)  (pid 24409)
Compiled ckeditor/plugins/find/dialogs/find.js  (0ms)  (pid 24409)
Compiled ckeditor/plugins/flash/dialogs/flash.js  (0ms)  (pid 24409)
Compiled ckeditor/plugins/forms/dialogs/button.js  (0ms)  (pid 24409)
Compiled ckeditor/plugins/forms/dialogs/checkbox.js  (0ms)  (pid 24409)
Compiled ckeditor/plugins/forms/dialogs/form.js  (0ms)  (pid 24409)
Compiled ckeditor/plugins/forms/dialogs/hiddenfield.js  (0ms)  (pid 24409)
Compiled ckeditor/plugins/forms/dialogs/radio.js  (0ms)  (pid 24409)
Compiled ckeditor/plugins/forms/dialogs/select.js  (0ms)  (pid 24409)
Compiled ckeditor/plugins/forms/dialogs/textarea.js  (0ms)  (pid 24409)
Compiled ckeditor/plugins/forms/dialogs/textfield.js  (0ms)  (pid 24409)
Compiled ckeditor/plugins/iframe/dialogs/iframe.js  (0ms)  (pid 24409)
Compiled ckeditor/plugins/image/dialogs/image.js  (0ms)  (pid 24409)
Compiled ckeditor/plugins/link/dialogs/anchor.js  (0ms)  (pid 24409)
Compiled ckeditor/plugins/link/dialogs/link.js  (0ms)  (pid 24409)
Compiled ckeditor/plugins/liststyle/dialogs/liststyle.js  (0ms)  (pid 24409)
Compiled ckeditor/plugins/pastefromword/filter/default.js  (0ms)  (pid 24409)
Compiled ckeditor/plugins/scayt/dialogs/options.js  (0ms)  (pid 24409)
Compiled ckeditor/plugins/smiley/dialogs/smiley.js  (0ms)  (pid 24409)
Compiled ckeditor/plugins/specialchar/dialogs/lang/ca.js  (0ms)  (pid 24409)
Compiled ckeditor/plugins/specialchar/dialogs/lang/cs.js  (0ms)  (pid 24409)
Compiled ckeditor/plugins/specialchar/dialogs/lang/cy.js  (0ms)  (pid 24409)
Compiled ckeditor/plugins/specialchar/dialogs/lang/de.js  (0ms)  (pid 24409)
Compiled ckeditor/plugins/specialchar/dialogs/lang/el.js  (0ms)  (pid 24409)
Compiled ckeditor/plugins/specialchar/dialogs/lang/en.js  (0ms)  (pid 24409)
Compiled ckeditor/plugins/specialchar/dialogs/lang/eo.js  (0ms)  (pid 24409)
Compiled ckeditor/plugins/specialchar/dialogs/lang/es.js  (0ms)  (pid 24409)
Compiled ckeditor/plugins/specialchar/dialogs/lang/et.js  (0ms)  (pid 24409)
Compiled ckeditor/plugins/specialchar/dialogs/lang/fa.js  (0ms)  (pid 24409)
Compiled ckeditor/plugins/specialchar/dialogs/lang/fi.js  (0ms)  (pid 24409)
Compiled ckeditor/plugins/specialchar/dialogs/lang/fr-ca.js  (0ms)  (pid 24409)
Compiled ckeditor/plugins/specialchar/dialogs/lang/fr.js  (0ms)  (pid 24409)
Compiled ckeditor/plugins/specialchar/dialogs/lang/he.js  (0ms)  (pid 24409)
Compiled ckeditor/plugins/specialchar/dialogs/lang/hr.js  (0ms)  (pid 24409)
Compiled ckeditor/plugins/specialchar/dialogs/lang/it.js  (0ms)  (pid 24409)
Compiled ckeditor/plugins/specialchar/dialogs/lang/ku.js  (0ms)  (pid 24409)
Compiled ckeditor/plugins/specialchar/dialogs/lang/lv.js  (0ms)  (pid 24409)
Compiled ckeditor/plugins/specialchar/dialogs/lang/nb.js  (0ms)  (pid 24409)
Compiled ckeditor/plugins/specialchar/dialogs/lang/nl.js  (0ms)  (pid 24409)
Compiled ckeditor/plugins/specialchar/dialogs/lang/no.js  (0ms)  (pid 24409)
Compiled ckeditor/plugins/specialchar/dialogs/lang/pl.js  (0ms)  (pid 24409)
Compiled ckeditor/plugins/specialchar/dialogs/lang/pt-br.js  (0ms)  (pid 24409)
Compiled ckeditor/plugins/specialchar/dialogs/lang/sk.js  (0ms)  (pid 24409)
Compiled ckeditor/plugins/specialchar/dialogs/lang/sq.js  (0ms)  (pid 24409)
Compiled ckeditor/plugins/specialchar/dialogs/lang/sv.js  (0ms)  (pid 24409)
Compiled ckeditor/plugins/specialchar/dialogs/lang/th.js  (0ms)  (pid 24409)
Compiled ckeditor/plugins/specialchar/dialogs/lang/tr.js  (0ms)  (pid 24409)
Compiled ckeditor/plugins/specialchar/dialogs/lang/ug.js  (0ms)  (pid 24409)
Compiled ckeditor/plugins/specialchar/dialogs/lang/zh-cn.js  (0ms)  (pid 24409)
Compiled ckeditor/plugins/specialchar/dialogs/specialchar.js  (0ms)  (pid 24409)
Compiled ckeditor/plugins/table/dialogs/table.js  (0ms)  (pid 24409)
Compiled ckeditor/plugins/tabletools/dialogs/tableCell.js  (0ms)  (pid 24409)
Compiled ckeditor/plugins/templates/dialogs/templates.js  (0ms)  (pid 24409)
Compiled ckeditor/plugins/templates/templates/default.js  (0ms)  (pid 24409)
Compiled ckeditor/plugins/wsc/dialogs/wsc.js  (0ms)  (pid 24409)
Compiled ckeditor/styles.js  (0ms)  (pid 24409)
Compiled ckeditor/contents.css  (0ms)  (pid 24409)
Compiled ckeditor/plugins/scayt/dialogs/toolbar.css  (0ms)  (pid 24409)
Compiled ckeditor/plugins/templates/dialogs/templates.css  (0ms)  (pid 24409)
Compiled ckeditor/plugins/wsc/dialogs/wsc.css  (0ms)  (pid 24409)
Compiled ckeditor/skins/moono/dialog.css  (0ms)  (pid 24409)
Compiled ckeditor/skins/moono/dialog_ie.css  (0ms)  (pid 24409)
Compiled ckeditor/skins/moono/dialog_ie7.css  (0ms)  (pid 24409)
Compiled ckeditor/skins/moono/dialog_ie8.css  (0ms)  (pid 24409)
Compiled ckeditor/skins/moono/dialog_iequirks.css  (0ms)  (pid 24409)
Compiled ckeditor/skins/moono/dialog_opera.css  (0ms)  (pid 24409)
Compiled ckeditor/skins/moono/editor.css  (0ms)  (pid 24409)
Compiled ckeditor/skins/moono/editor_gecko.css  (0ms)  (pid 24409)
Compiled ckeditor/skins/moono/editor_ie.css  (0ms)  (pid 24409)
Compiled ckeditor/skins/moono/editor_ie7.css  (0ms)  (pid 24409)
Compiled ckeditor/skins/moono/editor_ie8.css  (0ms)  (pid 24409)
Compiled ckeditor/skins/moono/editor_iequirks.css  (0ms)  (pid 24409)
Connecting to database specified by database.yml
Started GET "/" for 189.244.40.140 at 2014-02-06 10:51:23 -0700
Processing by WelcomeController#index as HTML
  Rendered welcome/index.html.erb within layouts/application (3.8ms)
  Rendered welcome/index.html.erb within layouts/application (0.7ms)
Completed 500 Internal Server Error in 310ms

ActionView::Template::Error (application.css isn't precompiled):
    2: <!DOCTYPE html>
    3: <html lang="en">
    4:   <head>
    5:     <%= stylesheet_link_tag    "application", :media => "all" %>
    6:     <%= javascript_include_tag "application" %>
    7:     <%= csrf_meta_tags %>
    8:     <meta charset="utf-8">            
  app/views/layouts/application.html.erb:5:in `_app_views_layouts_application_html_erb___4313643894289655138_41441340'
  app/controllers/application_controller.rb:26:in `block in <class:ApplicationController>'


Connecting to database specified by database.yml
Connecting to database specified by database.yml
Compiled jquery.js  (9ms)  (pid 28600)
Compiled jquery_ujs.js  (0ms)  (pid 28600)
Compiled jquery-ui.js  (8ms)  (pid 28600)
Compiled autocomplete-rails.js  (0ms)  (pid 28600)
Compiled twitter/bootstrap/bootstrap-transition.js  (0ms)  (pid 28600)
Compiled twitter/bootstrap/bootstrap-alert.js  (0ms)  (pid 28600)
Compiled twitter/bootstrap/bootstrap-modal.js  (0ms)  (pid 28600)
Compiled twitter/bootstrap/bootstrap-dropdown.js  (0ms)  (pid 28600)
Compiled twitter/bootstrap/bootstrap-scrollspy.js  (0ms)  (pid 28600)
Compiled twitter/bootstrap/bootstrap-tab.js  (0ms)  (pid 28600)
Compiled twitter/bootstrap/bootstrap-tooltip.js  (0ms)  (pid 28600)
Compiled twitter/bootstrap/bootstrap-popover.js  (0ms)  (pid 28600)
Compiled twitter/bootstrap/bootstrap-button.js  (0ms)  (pid 28600)
Compiled twitter/bootstrap/bootstrap-collapse.js  (0ms)  (pid 28600)
Compiled twitter/bootstrap/bootstrap-carousel.js  (0ms)  (pid 28600)
Compiled twitter/bootstrap/bootstrap-typeahead.js  (0ms)  (pid 28600)
Compiled twitter/bootstrap/bootstrap-affix.js  (0ms)  (pid 28600)
Compiled twitter/bootstrap.js  (75ms)  (pid 28600)
Compiled jquery_nested_form.js  (0ms)  (pid 28600)
Compiled ckeditor/basepath.js  (1ms)  (pid 28600)
Compiled ckeditor/ckeditor.js  (50ms)  (pid 28600)
Compiled ckeditor/jquery.js  (0ms)  (pid 28600)
Compiled ckeditor-jquery.js  (113ms)  (pid 28600)
Compiled bootstrap-datepicker.js  (0ms)  (pid 28600)
Compiled application.js  (384ms)  (pid 28600)
Started GET "/" for 189.244.40.140 at 2014-02-06 10:52:08 -0700
Processing by WelcomeController#index as HTML
  Rendered welcome/index.html.erb within layouts/application (0.2ms)
  Rendered welcome/index.html.erb within layouts/application (0.3ms)
Completed 500 Internal Server Error in 34ms

ActionView::Template::Error (application.css isn't precompiled):
    2: <!DOCTYPE html>
    3: <html lang="en">
    4:   <head>
    5:     <%= stylesheet_link_tag    "application", :media => "all" %>
    6:     <%= javascript_include_tag "application" %>
    7:     <%= csrf_meta_tags %>
    8:     <meta charset="utf-8">            
  app/views/layouts/application.html.erb:5:in `_app_views_layouts_application_html_erb___4313643894289655138_41441340'
  app/controllers/application_controller.rb:26:in `block in <class:ApplicationController>'


Compiled twitter-bootstrap-static/bootstrap.css  (113ms)  (pid 28600)
Compiled twitter-bootstrap-static/fontawesome.css  (33ms)  (pid 28600)
Compiled bootstrap_and_overrides.css  (169ms)  (pid 28600)
Compiled datepicker.css  (0ms)  (pid 28600)
Compiled autocomplete.css  (0ms)  (pid 28600)
Compiled bootstrap_and_overrides.css  (1092ms)  (pid 28600)
Compiled elements.css  (0ms)  (pid 28600)
Compiled error_reports.css  (19ms)  (pid 28600)
Compiled scaffolds.css  (10ms)  (pid 28600)
Compiled theme.css  (0ms)  (pid 28600)
Compiled application.css  (1373ms)  (pid 28600)
Compiled ckeditor/build-config.js  (0ms)  (pid 28600)
Compiled ckeditor/config.js  (0ms)  (pid 28600)
Compiled ckeditor/lang/af.js  (0ms)  (pid 28600)
Compiled ckeditor/lang/ar.js  (1ms)  (pid 28600)
Compiled ckeditor/lang/bg.js  (1ms)  (pid 28600)
Compiled ckeditor/lang/bn.js  (0ms)  (pid 28600)
Compiled ckeditor/lang/bs.js  (0ms)  (pid 28600)
Compiled ckeditor/lang/ca.js  (0ms)  (pid 28600)
Compiled ckeditor/lang/cs.js  (0ms)  (pid 28600)
Compiled ckeditor/lang/cy.js  (0ms)  (pid 28600)
Compiled ckeditor/lang/da.js  (0ms)  (pid 28600)
Compiled ckeditor/lang/de.js  (0ms)  (pid 28600)
Compiled ckeditor/lang/el.js  (1ms)  (pid 28600)
Compiled ckeditor/lang/en-au.js  (0ms)  (pid 28600)
Compiled ckeditor/lang/en-ca.js  (0ms)  (pid 28600)
Compiled ckeditor/lang/en-gb.js  (0ms)  (pid 28600)
Compiled ckeditor/lang/en.js  (0ms)  (pid 28600)
Compiled ckeditor/lang/eo.js  (0ms)  (pid 28600)
Compiled ckeditor/lang/es.js  (0ms)  (pid 28600)
Compiled ckeditor/lang/et.js  (0ms)  (pid 28600)
Compiled ckeditor/lang/eu.js  (0ms)  (pid 28600)
Compiled ckeditor/lang/fa.js  (1ms)  (pid 28600)
Compiled ckeditor/lang/fi.js  (0ms)  (pid 28600)
Compiled ckeditor/lang/fo.js  (0ms)  (pid 28600)
Compiled ckeditor/lang/fr-ca.js  (0ms)  (pid 28600)
Compiled ckeditor/lang/fr.js  (0ms)  (pid 28600)
Compiled ckeditor/lang/gl.js  (0ms)  (pid 28600)
Compiled ckeditor/lang/gu.js  (1ms)  (pid 28600)
Compiled ckeditor/lang/he.js  (1ms)  (pid 28600)
Compiled ckeditor/lang/hi.js  (1ms)  (pid 28600)
Compiled ckeditor/lang/hr.js  (0ms)  (pid 28600)
Compiled ckeditor/lang/hu.js  (0ms)  (pid 28600)
Compiled ckeditor/lang/is.js  (0ms)  (pid 28600)
Compiled ckeditor/lang/it.js  (0ms)  (pid 28600)
Compiled ckeditor/lang/ja.js  (0ms)  (pid 28600)
Compiled ckeditor/lang/ka.js  (1ms)  (pid 28600)
Compiled ckeditor/lang/km.js  (1ms)  (pid 28600)
Compiled ckeditor/lang/ko.js  (2ms)  (pid 28600)
Compiled ckeditor/lang/ku.js  (1ms)  (pid 28600)
Compiled ckeditor/lang/lt.js  (0ms)  (pid 28600)
Compiled ckeditor/lang/lv.js  (0ms)  (pid 28600)
Compiled ckeditor/lang/mk.js  (0ms)  (pid 28600)
Compiled ckeditor/lang/mn.js  (1ms)  (pid 28600)
Compiled ckeditor/lang/ms.js  (0ms)  (pid 28600)
Compiled ckeditor/lang/nb.js  (0ms)  (pid 28600)
Compiled ckeditor/lang/nl.js  (0ms)  (pid 28600)
Compiled ckeditor/lang/no.js  (49ms)  (pid 28600)
Compiled ckeditor/lang/pl.js  (0ms)  (pid 28600)
Compiled ckeditor/lang/pt-br.js  (0ms)  (pid 28600)
Compiled ckeditor/lang/pt.js  (0ms)  (pid 28600)
Compiled ckeditor/lang/ro.js  (0ms)  (pid 28600)
Compiled ckeditor/lang/ru.js  (1ms)  (pid 28600)
Compiled ckeditor/lang/sk.js  (0ms)  (pid 28600)
Compiled ckeditor/lang/sl.js  (0ms)  (pid 28600)
Compiled ckeditor/lang/sq.js  (0ms)  (pid 28600)
Compiled ckeditor/lang/sr-latn.js  (0ms)  (pid 28600)
Compiled ckeditor/lang/sr.js  (0ms)  (pid 28600)
Compiled ckeditor/lang/sv.js  (0ms)  (pid 28600)
Compiled ckeditor/lang/th.js  (1ms)  (pid 28600)
Compiled ckeditor/lang/tr.js  (0ms)  (pid 28600)
Compiled ckeditor/lang/ug.js  (52ms)  (pid 28600)
Compiled ckeditor/lang/uk.js  (1ms)  (pid 28600)
Compiled ckeditor/lang/vi.js  (1ms)  (pid 28600)
Compiled ckeditor/lang/zh-cn.js  (0ms)  (pid 28600)
Compiled ckeditor/lang/zh.js  (0ms)  (pid 28600)
Compiled ckeditor/plugins/a11yhelp/dialogs/a11yhelp.js  (0ms)  (pid 28600)
Compiled ckeditor/plugins/a11yhelp/dialogs/lang/ar.js  (0ms)  (pid 28600)
Compiled ckeditor/plugins/a11yhelp/dialogs/lang/bg.js  (0ms)  (pid 28600)
Compiled ckeditor/plugins/a11yhelp/dialogs/lang/ca.js  (0ms)  (pid 28600)
Compiled ckeditor/plugins/a11yhelp/dialogs/lang/cs.js  (0ms)  (pid 28600)
Compiled ckeditor/plugins/a11yhelp/dialogs/lang/cy.js  (0ms)  (pid 28600)
Compiled ckeditor/plugins/a11yhelp/dialogs/lang/da.js  (0ms)  (pid 28600)
Compiled ckeditor/plugins/a11yhelp/dialogs/lang/de.js  (0ms)  (pid 28600)
Compiled ckeditor/plugins/a11yhelp/dialogs/lang/el.js  (0ms)  (pid 28600)
Compiled ckeditor/plugins/a11yhelp/dialogs/lang/en.js  (0ms)  (pid 28600)
Compiled ckeditor/plugins/a11yhelp/dialogs/lang/eo.js  (0ms)  (pid 28600)
Compiled ckeditor/plugins/a11yhelp/dialogs/lang/es.js  (0ms)  (pid 28600)
Compiled ckeditor/plugins/a11yhelp/dialogs/lang/et.js  (0ms)  (pid 28600)
Compiled ckeditor/plugins/a11yhelp/dialogs/lang/fa.js  (0ms)  (pid 28600)
Compiled ckeditor/plugins/a11yhelp/dialogs/lang/fi.js  (0ms)  (pid 28600)
Compiled ckeditor/plugins/a11yhelp/dialogs/lang/fr-ca.js  (0ms)  (pid 28600)
Compiled ckeditor/plugins/a11yhelp/dialogs/lang/fr.js  (0ms)  (pid 28600)
Compiled ckeditor/plugins/a11yhelp/dialogs/lang/gu.js  (0ms)  (pid 28600)
Compiled ckeditor/plugins/a11yhelp/dialogs/lang/he.js  (0ms)  (pid 28600)
Compiled ckeditor/plugins/a11yhelp/dialogs/lang/hi.js  (0ms)  (pid 28600)
Compiled ckeditor/plugins/a11yhelp/dialogs/lang/hr.js  (0ms)  (pid 28600)
Compiled ckeditor/plugins/a11yhelp/dialogs/lang/hu.js  (0ms)  (pid 28600)
Compiled ckeditor/plugins/a11yhelp/dialogs/lang/it.js  (0ms)  (pid 28600)
Compiled ckeditor/plugins/a11yhelp/dialogs/lang/ja.js  (0ms)  (pid 28600)
Compiled ckeditor/plugins/a11yhelp/dialogs/lang/km.js  (0ms)  (pid 28600)
Compiled ckeditor/plugins/a11yhelp/dialogs/lang/ku.js  (0ms)  (pid 28600)
Compiled ckeditor/plugins/a11yhelp/dialogs/lang/lt.js  (0ms)  (pid 28600)
Compiled ckeditor/plugins/a11yhelp/dialogs/lang/lv.js  (0ms)  (pid 28600)
Compiled ckeditor/plugins/a11yhelp/dialogs/lang/mk.js  (0ms)  (pid 28600)
Compiled ckeditor/plugins/a11yhelp/dialogs/lang/mn.js  (0ms)  (pid 28600)
Compiled ckeditor/plugins/a11yhelp/dialogs/lang/nb.js  (0ms)  (pid 28600)
Compiled ckeditor/plugins/a11yhelp/dialogs/lang/nl.js  (0ms)  (pid 28600)
Compiled ckeditor/plugins/a11yhelp/dialogs/lang/no.js  (0ms)  (pid 28600)
Compiled ckeditor/plugins/a11yhelp/dialogs/lang/pl.js  (0ms)  (pid 28600)
Compiled ckeditor/plugins/a11yhelp/dialogs/lang/pt-br.js  (0ms)  (pid 28600)
Compiled ckeditor/plugins/a11yhelp/dialogs/lang/pt.js  (0ms)  (pid 28600)
Compiled ckeditor/plugins/a11yhelp/dialogs/lang/ro.js  (0ms)  (pid 28600)
Compiled ckeditor/plugins/a11yhelp/dialogs/lang/ru.js  (0ms)  (pid 28600)
Compiled ckeditor/plugins/a11yhelp/dialogs/lang/sk.js  (0ms)  (pid 28600)
Compiled ckeditor/plugins/a11yhelp/dialogs/lang/sl.js  (0ms)  (pid 28600)
Compiled ckeditor/plugins/a11yhelp/dialogs/lang/sq.js  (0ms)  (pid 28600)
Compiled ckeditor/plugins/a11yhelp/dialogs/lang/sv.js  (0ms)  (pid 28600)
Compiled ckeditor/plugins/a11yhelp/dialogs/lang/th.js  (0ms)  (pid 28600)
Compiled ckeditor/plugins/a11yhelp/dialogs/lang/tr.js  (0ms)  (pid 28600)
Compiled ckeditor/plugins/a11yhelp/dialogs/lang/ug.js  (0ms)  (pid 28600)
Compiled ckeditor/plugins/a11yhelp/dialogs/lang/uk.js  (0ms)  (pid 28600)
Compiled ckeditor/plugins/a11yhelp/dialogs/lang/vi.js  (0ms)  (pid 28600)
Compiled ckeditor/plugins/a11yhelp/dialogs/lang/zh-cn.js  (0ms)  (pid 28600)
Compiled ckeditor/plugins/about/dialogs/about.js  (0ms)  (pid 28600)
Compiled ckeditor/plugins/clipboard/dialogs/paste.js  (0ms)  (pid 28600)
Compiled ckeditor/plugins/colordialog/dialogs/colordialog.js  (0ms)  (pid 28600)
Compiled ckeditor/plugins/dialog/dialogDefinition.js  (0ms)  (pid 28600)
Compiled ckeditor/plugins/div/dialogs/div.js  (0ms)  (pid 28600)
Compiled ckeditor/plugins/find/dialogs/find.js  (0ms)  (pid 28600)
Compiled ckeditor/plugins/flash/dialogs/flash.js  (0ms)  (pid 28600)
Compiled ckeditor/plugins/forms/dialogs/button.js  (0ms)  (pid 28600)
Compiled ckeditor/plugins/forms/dialogs/checkbox.js  (0ms)  (pid 28600)
Compiled ckeditor/plugins/forms/dialogs/form.js  (0ms)  (pid 28600)
Compiled ckeditor/plugins/forms/dialogs/hiddenfield.js  (0ms)  (pid 28600)
Compiled ckeditor/plugins/forms/dialogs/radio.js  (0ms)  (pid 28600)
Compiled ckeditor/plugins/forms/dialogs/select.js  (0ms)  (pid 28600)
Compiled ckeditor/plugins/forms/dialogs/textarea.js  (0ms)  (pid 28600)
Compiled ckeditor/plugins/forms/dialogs/textfield.js  (0ms)  (pid 28600)
Compiled ckeditor/plugins/iframe/dialogs/iframe.js  (0ms)  (pid 28600)
Compiled ckeditor/plugins/image/dialogs/image.js  (0ms)  (pid 28600)
Compiled ckeditor/plugins/link/dialogs/anchor.js  (0ms)  (pid 28600)
Compiled ckeditor/plugins/link/dialogs/link.js  (0ms)  (pid 28600)
Compiled ckeditor/plugins/liststyle/dialogs/liststyle.js  (0ms)  (pid 28600)
Compiled ckeditor/plugins/pastefromword/filter/default.js  (0ms)  (pid 28600)
Compiled ckeditor/plugins/scayt/dialogs/options.js  (0ms)  (pid 28600)
Compiled ckeditor/plugins/smiley/dialogs/smiley.js  (0ms)  (pid 28600)
Compiled ckeditor/plugins/specialchar/dialogs/lang/ca.js  (0ms)  (pid 28600)
Compiled ckeditor/plugins/specialchar/dialogs/lang/cs.js  (0ms)  (pid 28600)
Compiled ckeditor/plugins/specialchar/dialogs/lang/cy.js  (0ms)  (pid 28600)
Compiled ckeditor/plugins/specialchar/dialogs/lang/de.js  (0ms)  (pid 28600)
Compiled ckeditor/plugins/specialchar/dialogs/lang/el.js  (0ms)  (pid 28600)
Compiled ckeditor/plugins/specialchar/dialogs/lang/en.js  (0ms)  (pid 28600)
Compiled ckeditor/plugins/specialchar/dialogs/lang/eo.js  (0ms)  (pid 28600)
Compiled ckeditor/plugins/specialchar/dialogs/lang/es.js  (0ms)  (pid 28600)
Compiled ckeditor/plugins/specialchar/dialogs/lang/et.js  (0ms)  (pid 28600)
Compiled ckeditor/plugins/specialchar/dialogs/lang/fa.js  (0ms)  (pid 28600)
Compiled ckeditor/plugins/specialchar/dialogs/lang/fi.js  (0ms)  (pid 28600)
Compiled ckeditor/plugins/specialchar/dialogs/lang/fr-ca.js  (0ms)  (pid 28600)
Compiled ckeditor/plugins/specialchar/dialogs/lang/fr.js  (0ms)  (pid 28600)
Compiled ckeditor/plugins/specialchar/dialogs/lang/he.js  (0ms)  (pid 28600)
Compiled ckeditor/plugins/specialchar/dialogs/lang/hr.js  (0ms)  (pid 28600)
Compiled ckeditor/plugins/specialchar/dialogs/lang/it.js  (0ms)  (pid 28600)
Compiled ckeditor/plugins/specialchar/dialogs/lang/ku.js  (0ms)  (pid 28600)
Compiled ckeditor/plugins/specialchar/dialogs/lang/lv.js  (0ms)  (pid 28600)
Compiled ckeditor/plugins/specialchar/dialogs/lang/nb.js  (0ms)  (pid 28600)
Compiled ckeditor/plugins/specialchar/dialogs/lang/nl.js  (0ms)  (pid 28600)
Compiled ckeditor/plugins/specialchar/dialogs/lang/no.js  (0ms)  (pid 28600)
Compiled ckeditor/plugins/specialchar/dialogs/lang/pl.js  (0ms)  (pid 28600)
Compiled ckeditor/plugins/specialchar/dialogs/lang/pt-br.js  (0ms)  (pid 28600)
Compiled ckeditor/plugins/specialchar/dialogs/lang/sk.js  (0ms)  (pid 28600)
Compiled ckeditor/plugins/specialchar/dialogs/lang/sq.js  (0ms)  (pid 28600)
Compiled ckeditor/plugins/specialchar/dialogs/lang/sv.js  (0ms)  (pid 28600)
Compiled ckeditor/plugins/specialchar/dialogs/lang/th.js  (0ms)  (pid 28600)
Compiled ckeditor/plugins/specialchar/dialogs/lang/tr.js  (0ms)  (pid 28600)
Compiled ckeditor/plugins/specialchar/dialogs/lang/ug.js  (0ms)  (pid 28600)
Compiled ckeditor/plugins/specialchar/dialogs/lang/zh-cn.js  (0ms)  (pid 28600)
Compiled ckeditor/plugins/specialchar/dialogs/specialchar.js  (0ms)  (pid 28600)
Compiled ckeditor/plugins/table/dialogs/table.js  (0ms)  (pid 28600)
Compiled ckeditor/plugins/tabletools/dialogs/tableCell.js  (0ms)  (pid 28600)
Compiled ckeditor/plugins/templates/dialogs/templates.js  (0ms)  (pid 28600)
Compiled ckeditor/plugins/templates/templates/default.js  (0ms)  (pid 28600)
Compiled ckeditor/plugins/wsc/dialogs/wsc.js  (0ms)  (pid 28600)
Compiled ckeditor/styles.js  (0ms)  (pid 28600)
Compiled ckeditor/contents.css  (0ms)  (pid 28600)
Compiled ckeditor/plugins/scayt/dialogs/toolbar.css  (0ms)  (pid 28600)
Compiled ckeditor/plugins/templates/dialogs/templates.css  (0ms)  (pid 28600)
Compiled ckeditor/plugins/wsc/dialogs/wsc.css  (0ms)  (pid 28600)
Compiled ckeditor/skins/moono/dialog.css  (0ms)  (pid 28600)
Compiled ckeditor/skins/moono/dialog_ie.css  (0ms)  (pid 28600)
Compiled ckeditor/skins/moono/dialog_ie7.css  (0ms)  (pid 28600)
Compiled ckeditor/skins/moono/dialog_ie8.css  (0ms)  (pid 28600)
Compiled ckeditor/skins/moono/dialog_iequirks.css  (0ms)  (pid 28600)
Compiled ckeditor/skins/moono/dialog_opera.css  (0ms)  (pid 28600)
Compiled ckeditor/skins/moono/editor.css  (0ms)  (pid 28600)
Compiled ckeditor/skins/moono/editor_gecko.css  (0ms)  (pid 28600)
Compiled ckeditor/skins/moono/editor_ie.css  (0ms)  (pid 28600)
Compiled ckeditor/skins/moono/editor_ie7.css  (0ms)  (pid 28600)
Compiled ckeditor/skins/moono/editor_ie8.css  (0ms)  (pid 28600)
Compiled ckeditor/skins/moono/editor_iequirks.css  (0ms)  (pid 28600)
Connecting to database specified by database.yml
Compiled jquery.js  (4ms)  (pid 28600)
Compiled jquery_ujs.js  (0ms)  (pid 28600)
Compiled jquery-ui.js  (6ms)  (pid 28600)
Compiled autocomplete-rails.js  (0ms)  (pid 28600)
Compiled twitter/bootstrap/bootstrap-transition.js  (0ms)  (pid 28600)
Compiled twitter/bootstrap/bootstrap-alert.js  (0ms)  (pid 28600)
Compiled twitter/bootstrap/bootstrap-modal.js  (0ms)  (pid 28600)
Compiled twitter/bootstrap/bootstrap-dropdown.js  (0ms)  (pid 28600)
Compiled twitter/bootstrap/bootstrap-scrollspy.js  (0ms)  (pid 28600)
Compiled twitter/bootstrap/bootstrap-tab.js  (0ms)  (pid 28600)
Compiled twitter/bootstrap/bootstrap-tooltip.js  (0ms)  (pid 28600)
Compiled twitter/bootstrap/bootstrap-popover.js  (0ms)  (pid 28600)
Compiled twitter/bootstrap/bootstrap-button.js  (0ms)  (pid 28600)
Compiled twitter/bootstrap/bootstrap-collapse.js  (0ms)  (pid 28600)
Compiled twitter/bootstrap/bootstrap-carousel.js  (0ms)  (pid 28600)
Compiled twitter/bootstrap/bootstrap-typeahead.js  (0ms)  (pid 28600)
Compiled twitter/bootstrap/bootstrap-affix.js  (0ms)  (pid 28600)
Compiled twitter/bootstrap.js  (71ms)  (pid 28600)
Compiled jquery_nested_form.js  (0ms)  (pid 28600)
Compiled ckeditor/basepath.js  (1ms)  (pid 28600)
Compiled ckeditor/ckeditor.js  (51ms)  (pid 28600)
Compiled ckeditor/jquery.js  (0ms)  (pid 28600)
Compiled ckeditor-jquery.js  (72ms)  (pid 28600)
Compiled bootstrap-datepicker.js  (0ms)  (pid 28600)
Compiled application.js  (240ms)  (pid 28600)
Compiled twitter-bootstrap-static/bootstrap.css  (134ms)  (pid 28600)
Compiled twitter-bootstrap-static/fontawesome.css  (18ms)  (pid 28600)
Compiled bootstrap_and_overrides.css  (172ms)  (pid 28600)
Compiled datepicker.css  (0ms)  (pid 28600)
Compiled autocomplete.css  (0ms)  (pid 28600)
Compiled bootstrap_and_overrides.css  (1080ms)  (pid 28600)
Compiled elements.css  (0ms)  (pid 28600)
Compiled error_reports.css  (5ms)  (pid 28600)
Compiled scaffolds.css  (10ms)  (pid 28600)
Compiled theme.css  (0ms)  (pid 28600)
Compiled application.css  (1299ms)  (pid 28600)
Compiled ckeditor/build-config.js  (0ms)  (pid 28600)
Compiled ckeditor/config.js  (0ms)  (pid 28600)
Compiled ckeditor/lang/af.js  (0ms)  (pid 28600)
Compiled ckeditor/lang/ar.js  (1ms)  (pid 28600)
Compiled ckeditor/lang/bg.js  (1ms)  (pid 28600)
Compiled ckeditor/lang/bn.js  (0ms)  (pid 28600)
Compiled ckeditor/lang/bs.js  (0ms)  (pid 28600)
Compiled ckeditor/lang/ca.js  (0ms)  (pid 28600)
Compiled ckeditor/lang/cs.js  (0ms)  (pid 28600)
Compiled ckeditor/lang/cy.js  (0ms)  (pid 28600)
Compiled ckeditor/lang/da.js  (0ms)  (pid 28600)
Compiled ckeditor/lang/de.js  (0ms)  (pid 28600)
Compiled ckeditor/lang/el.js  (1ms)  (pid 28600)
Compiled ckeditor/lang/en-au.js  (0ms)  (pid 28600)
Compiled ckeditor/lang/en-ca.js  (0ms)  (pid 28600)
Compiled ckeditor/lang/en-gb.js  (0ms)  (pid 28600)
Compiled ckeditor/lang/en.js  (0ms)  (pid 28600)
Compiled ckeditor/lang/eo.js  (0ms)  (pid 28600)
Compiled ckeditor/lang/es.js  (0ms)  (pid 28600)
Compiled ckeditor/lang/et.js  (0ms)  (pid 28600)
Compiled ckeditor/lang/eu.js  (0ms)  (pid 28600)
Compiled ckeditor/lang/fa.js  (1ms)  (pid 28600)
Compiled ckeditor/lang/fi.js  (0ms)  (pid 28600)
Compiled ckeditor/lang/fo.js  (0ms)  (pid 28600)
Compiled ckeditor/lang/fr-ca.js  (0ms)  (pid 28600)
Compiled ckeditor/lang/fr.js  (0ms)  (pid 28600)
Compiled ckeditor/lang/gl.js  (0ms)  (pid 28600)
Compiled ckeditor/lang/gu.js  (1ms)  (pid 28600)
Compiled ckeditor/lang/he.js  (1ms)  (pid 28600)
Compiled ckeditor/lang/hi.js  (1ms)  (pid 28600)
Compiled ckeditor/lang/hr.js  (0ms)  (pid 28600)
Compiled ckeditor/lang/hu.js  (0ms)  (pid 28600)
Compiled ckeditor/lang/is.js  (0ms)  (pid 28600)
Compiled ckeditor/lang/it.js  (0ms)  (pid 28600)
Compiled ckeditor/lang/ja.js  (0ms)  (pid 28600)
Compiled ckeditor/lang/ka.js  (1ms)  (pid 28600)
Compiled ckeditor/lang/km.js  (1ms)  (pid 28600)
Compiled ckeditor/lang/ko.js  (0ms)  (pid 28600)
Compiled ckeditor/lang/ku.js  (1ms)  (pid 28600)
Compiled ckeditor/lang/lt.js  (0ms)  (pid 28600)
Compiled ckeditor/lang/lv.js  (0ms)  (pid 28600)
Compiled ckeditor/lang/mk.js  (0ms)  (pid 28600)
Compiled ckeditor/lang/mn.js  (1ms)  (pid 28600)
Compiled ckeditor/lang/ms.js  (0ms)  (pid 28600)
Compiled ckeditor/lang/nb.js  (0ms)  (pid 28600)
Compiled ckeditor/lang/nl.js  (0ms)  (pid 28600)
Compiled ckeditor/lang/no.js  (0ms)  (pid 28600)
Compiled ckeditor/lang/pl.js  (0ms)  (pid 28600)
Compiled ckeditor/lang/pt-br.js  (0ms)  (pid 28600)
Compiled ckeditor/lang/pt.js  (0ms)  (pid 28600)
Compiled ckeditor/lang/ro.js  (0ms)  (pid 28600)
Compiled ckeditor/lang/ru.js  (1ms)  (pid 28600)
Compiled ckeditor/lang/sk.js  (0ms)  (pid 28600)
Compiled ckeditor/lang/sl.js  (0ms)  (pid 28600)
Compiled ckeditor/lang/sq.js  (0ms)  (pid 28600)
Compiled ckeditor/lang/sr-latn.js  (0ms)  (pid 28600)
Compiled ckeditor/lang/sr.js  (0ms)  (pid 28600)
Compiled ckeditor/lang/sv.js  (0ms)  (pid 28600)
Compiled ckeditor/lang/th.js  (1ms)  (pid 28600)
Compiled ckeditor/lang/tr.js  (0ms)  (pid 28600)
Compiled ckeditor/lang/ug.js  (1ms)  (pid 28600)
Compiled ckeditor/lang/uk.js  (1ms)  (pid 28600)
Compiled ckeditor/lang/vi.js  (1ms)  (pid 28600)
Compiled ckeditor/lang/zh-cn.js  (0ms)  (pid 28600)
Compiled ckeditor/lang/zh.js  (0ms)  (pid 28600)
Compiled ckeditor/plugins/a11yhelp/dialogs/a11yhelp.js  (0ms)  (pid 28600)
Compiled ckeditor/plugins/a11yhelp/dialogs/lang/ar.js  (0ms)  (pid 28600)
Compiled ckeditor/plugins/a11yhelp/dialogs/lang/bg.js  (0ms)  (pid 28600)
Compiled ckeditor/plugins/a11yhelp/dialogs/lang/ca.js  (0ms)  (pid 28600)
Compiled ckeditor/plugins/a11yhelp/dialogs/lang/cs.js  (0ms)  (pid 28600)
Compiled ckeditor/plugins/a11yhelp/dialogs/lang/cy.js  (0ms)  (pid 28600)
Compiled ckeditor/plugins/a11yhelp/dialogs/lang/da.js  (0ms)  (pid 28600)
Compiled ckeditor/plugins/a11yhelp/dialogs/lang/de.js  (0ms)  (pid 28600)
Compiled ckeditor/plugins/a11yhelp/dialogs/lang/el.js  (0ms)  (pid 28600)
Compiled ckeditor/plugins/a11yhelp/dialogs/lang/en.js  (0ms)  (pid 28600)
Compiled ckeditor/plugins/a11yhelp/dialogs/lang/eo.js  (0ms)  (pid 28600)
Compiled ckeditor/plugins/a11yhelp/dialogs/lang/es.js  (0ms)  (pid 28600)
Compiled ckeditor/plugins/a11yhelp/dialogs/lang/et.js  (0ms)  (pid 28600)
Compiled ckeditor/plugins/a11yhelp/dialogs/lang/fa.js  (0ms)  (pid 28600)
Compiled ckeditor/plugins/a11yhelp/dialogs/lang/fi.js  (54ms)  (pid 28600)
Compiled ckeditor/plugins/a11yhelp/dialogs/lang/fr-ca.js  (0ms)  (pid 28600)
Compiled ckeditor/plugins/a11yhelp/dialogs/lang/fr.js  (0ms)  (pid 28600)
Compiled ckeditor/plugins/a11yhelp/dialogs/lang/gu.js  (0ms)  (pid 28600)
Compiled ckeditor/plugins/a11yhelp/dialogs/lang/he.js  (0ms)  (pid 28600)
Compiled ckeditor/plugins/a11yhelp/dialogs/lang/hi.js  (0ms)  (pid 28600)
Compiled ckeditor/plugins/a11yhelp/dialogs/lang/hr.js  (0ms)  (pid 28600)
Compiled ckeditor/plugins/a11yhelp/dialogs/lang/hu.js  (0ms)  (pid 28600)
Compiled ckeditor/plugins/a11yhelp/dialogs/lang/it.js  (0ms)  (pid 28600)
Compiled ckeditor/plugins/a11yhelp/dialogs/lang/ja.js  (0ms)  (pid 28600)
Compiled ckeditor/plugins/a11yhelp/dialogs/lang/km.js  (0ms)  (pid 28600)
Compiled ckeditor/plugins/a11yhelp/dialogs/lang/ku.js  (0ms)  (pid 28600)
Compiled ckeditor/plugins/a11yhelp/dialogs/lang/lt.js  (0ms)  (pid 28600)
Compiled ckeditor/plugins/a11yhelp/dialogs/lang/lv.js  (0ms)  (pid 28600)
Compiled ckeditor/plugins/a11yhelp/dialogs/lang/mk.js  (0ms)  (pid 28600)
Compiled ckeditor/plugins/a11yhelp/dialogs/lang/mn.js  (0ms)  (pid 28600)
Compiled ckeditor/plugins/a11yhelp/dialogs/lang/nb.js  (0ms)  (pid 28600)
Compiled ckeditor/plugins/a11yhelp/dialogs/lang/nl.js  (0ms)  (pid 28600)
Compiled ckeditor/plugins/a11yhelp/dialogs/lang/no.js  (0ms)  (pid 28600)
Compiled ckeditor/plugins/a11yhelp/dialogs/lang/pl.js  (0ms)  (pid 28600)
Compiled ckeditor/plugins/a11yhelp/dialogs/lang/pt-br.js  (0ms)  (pid 28600)
Compiled ckeditor/plugins/a11yhelp/dialogs/lang/pt.js  (0ms)  (pid 28600)
Compiled ckeditor/plugins/a11yhelp/dialogs/lang/ro.js  (0ms)  (pid 28600)
Compiled ckeditor/plugins/a11yhelp/dialogs/lang/ru.js  (0ms)  (pid 28600)
Compiled ckeditor/plugins/a11yhelp/dialogs/lang/sk.js  (0ms)  (pid 28600)
Compiled ckeditor/plugins/a11yhelp/dialogs/lang/sl.js  (0ms)  (pid 28600)
Compiled ckeditor/plugins/a11yhelp/dialogs/lang/sq.js  (0ms)  (pid 28600)
Compiled ckeditor/plugins/a11yhelp/dialogs/lang/sv.js  (0ms)  (pid 28600)
Compiled ckeditor/plugins/a11yhelp/dialogs/lang/th.js  (0ms)  (pid 28600)
Compiled ckeditor/plugins/a11yhelp/dialogs/lang/tr.js  (0ms)  (pid 28600)
Compiled ckeditor/plugins/a11yhelp/dialogs/lang/ug.js  (0ms)  (pid 28600)
Compiled ckeditor/plugins/a11yhelp/dialogs/lang/uk.js  (0ms)  (pid 28600)
Compiled ckeditor/plugins/a11yhelp/dialogs/lang/vi.js  (0ms)  (pid 28600)
Compiled ckeditor/plugins/a11yhelp/dialogs/lang/zh-cn.js  (0ms)  (pid 28600)
Compiled ckeditor/plugins/about/dialogs/about.js  (0ms)  (pid 28600)
Compiled ckeditor/plugins/clipboard/dialogs/paste.js  (0ms)  (pid 28600)
Compiled ckeditor/plugins/colordialog/dialogs/colordialog.js  (0ms)  (pid 28600)
Compiled ckeditor/plugins/dialog/dialogDefinition.js  (0ms)  (pid 28600)
Compiled ckeditor/plugins/div/dialogs/div.js  (0ms)  (pid 28600)
Compiled ckeditor/plugins/find/dialogs/find.js  (0ms)  (pid 28600)
Compiled ckeditor/plugins/flash/dialogs/flash.js  (0ms)  (pid 28600)
Compiled ckeditor/plugins/forms/dialogs/button.js  (0ms)  (pid 28600)
Compiled ckeditor/plugins/forms/dialogs/checkbox.js  (0ms)  (pid 28600)
Compiled ckeditor/plugins/forms/dialogs/form.js  (0ms)  (pid 28600)
Compiled ckeditor/plugins/forms/dialogs/hiddenfield.js  (0ms)  (pid 28600)
Compiled ckeditor/plugins/forms/dialogs/radio.js  (0ms)  (pid 28600)
Compiled ckeditor/plugins/forms/dialogs/select.js  (0ms)  (pid 28600)
Compiled ckeditor/plugins/forms/dialogs/textarea.js  (0ms)  (pid 28600)
Compiled ckeditor/plugins/forms/dialogs/textfield.js  (0ms)  (pid 28600)
Compiled ckeditor/plugins/iframe/dialogs/iframe.js  (0ms)  (pid 28600)
Compiled ckeditor/plugins/image/dialogs/image.js  (0ms)  (pid 28600)
Compiled ckeditor/plugins/link/dialogs/anchor.js  (0ms)  (pid 28600)
Compiled ckeditor/plugins/link/dialogs/link.js  (0ms)  (pid 28600)
Compiled ckeditor/plugins/liststyle/dialogs/liststyle.js  (0ms)  (pid 28600)
Compiled ckeditor/plugins/pastefromword/filter/default.js  (0ms)  (pid 28600)
Compiled ckeditor/plugins/scayt/dialogs/options.js  (0ms)  (pid 28600)
Compiled ckeditor/plugins/smiley/dialogs/smiley.js  (0ms)  (pid 28600)
Compiled ckeditor/plugins/specialchar/dialogs/lang/ca.js  (0ms)  (pid 28600)
Compiled ckeditor/plugins/specialchar/dialogs/lang/cs.js  (0ms)  (pid 28600)
Compiled ckeditor/plugins/specialchar/dialogs/lang/cy.js  (0ms)  (pid 28600)
Compiled ckeditor/plugins/specialchar/dialogs/lang/de.js  (0ms)  (pid 28600)
Compiled ckeditor/plugins/specialchar/dialogs/lang/el.js  (0ms)  (pid 28600)
Compiled ckeditor/plugins/specialchar/dialogs/lang/en.js  (0ms)  (pid 28600)
Compiled ckeditor/plugins/specialchar/dialogs/lang/eo.js  (0ms)  (pid 28600)
Compiled ckeditor/plugins/specialchar/dialogs/lang/es.js  (0ms)  (pid 28600)
Compiled ckeditor/plugins/specialchar/dialogs/lang/et.js  (0ms)  (pid 28600)
Compiled ckeditor/plugins/specialchar/dialogs/lang/fa.js  (0ms)  (pid 28600)
Compiled ckeditor/plugins/specialchar/dialogs/lang/fi.js  (0ms)  (pid 28600)
Compiled ckeditor/plugins/specialchar/dialogs/lang/fr-ca.js  (0ms)  (pid 28600)
Compiled ckeditor/plugins/specialchar/dialogs/lang/fr.js  (0ms)  (pid 28600)
Compiled ckeditor/plugins/specialchar/dialogs/lang/he.js  (0ms)  (pid 28600)
Compiled ckeditor/plugins/specialchar/dialogs/lang/hr.js  (0ms)  (pid 28600)
Compiled ckeditor/plugins/specialchar/dialogs/lang/it.js  (0ms)  (pid 28600)
Compiled ckeditor/plugins/specialchar/dialogs/lang/ku.js  (0ms)  (pid 28600)
Compiled ckeditor/plugins/specialchar/dialogs/lang/lv.js  (0ms)  (pid 28600)
Compiled ckeditor/plugins/specialchar/dialogs/lang/nb.js  (0ms)  (pid 28600)
Compiled ckeditor/plugins/specialchar/dialogs/lang/nl.js  (0ms)  (pid 28600)
Compiled ckeditor/plugins/specialchar/dialogs/lang/no.js  (0ms)  (pid 28600)
Compiled ckeditor/plugins/specialchar/dialogs/lang/pl.js  (0ms)  (pid 28600)
Compiled ckeditor/plugins/specialchar/dialogs/lang/pt-br.js  (0ms)  (pid 28600)
Compiled ckeditor/plugins/specialchar/dialogs/lang/sk.js  (0ms)  (pid 28600)
Compiled ckeditor/plugins/specialchar/dialogs/lang/sq.js  (0ms)  (pid 28600)
Compiled ckeditor/plugins/specialchar/dialogs/lang/sv.js  (0ms)  (pid 28600)
Compiled ckeditor/plugins/specialchar/dialogs/lang/th.js  (0ms)  (pid 28600)
Compiled ckeditor/plugins/specialchar/dialogs/lang/tr.js  (0ms)  (pid 28600)
Compiled ckeditor/plugins/specialchar/dialogs/lang/ug.js  (0ms)  (pid 28600)
Compiled ckeditor/plugins/specialchar/dialogs/lang/zh-cn.js  (0ms)  (pid 28600)
Compiled ckeditor/plugins/specialchar/dialogs/specialchar.js  (0ms)  (pid 28600)
Compiled ckeditor/plugins/table/dialogs/table.js  (0ms)  (pid 28600)
Compiled ckeditor/plugins/tabletools/dialogs/tableCell.js  (0ms)  (pid 28600)
Compiled ckeditor/plugins/templates/dialogs/templates.js  (0ms)  (pid 28600)
Compiled ckeditor/plugins/templates/templates/default.js  (0ms)  (pid 28600)
Compiled ckeditor/plugins/wsc/dialogs/wsc.js  (0ms)  (pid 28600)
Compiled ckeditor/styles.js  (0ms)  (pid 28600)
Compiled ckeditor/contents.css  (0ms)  (pid 28600)
Compiled ckeditor/plugins/scayt/dialogs/toolbar.css  (0ms)  (pid 28600)
Compiled ckeditor/plugins/templates/dialogs/templates.css  (0ms)  (pid 28600)
Compiled ckeditor/plugins/wsc/dialogs/wsc.css  (0ms)  (pid 28600)
Compiled ckeditor/skins/moono/dialog.css  (0ms)  (pid 28600)
Compiled ckeditor/skins/moono/dialog_ie.css  (0ms)  (pid 28600)
Compiled ckeditor/skins/moono/dialog_ie7.css  (0ms)  (pid 28600)
Compiled ckeditor/skins/moono/dialog_ie8.css  (0ms)  (pid 28600)
Compiled ckeditor/skins/moono/dialog_iequirks.css  (0ms)  (pid 28600)
Compiled ckeditor/skins/moono/dialog_opera.css  (61ms)  (pid 28600)
Compiled ckeditor/skins/moono/editor.css  (0ms)  (pid 28600)
Compiled ckeditor/skins/moono/editor_gecko.css  (0ms)  (pid 28600)
Compiled ckeditor/skins/moono/editor_ie.css  (0ms)  (pid 28600)
Compiled ckeditor/skins/moono/editor_ie7.css  (0ms)  (pid 28600)
Compiled ckeditor/skins/moono/editor_ie8.css  (0ms)  (pid 28600)
Compiled ckeditor/skins/moono/editor_iequirks.css  (0ms)  (pid 28600)
Started GET "/" for 189.244.40.140 at 2014-02-06 10:58:12 -0700
Processing by WelcomeController#index as HTML
  Rendered welcome/index.html.erb within layouts/application (0.3ms)
  Rendered welcome/index.html.erb within layouts/application (0.3ms)
Completed 500 Internal Server Error in 50ms

ActionView::Template::Error (application.css isn't precompiled):
    2: <!DOCTYPE html>
    3: <html lang="en">
    4:   <head>
    5:     <%= stylesheet_link_tag    "application", :media => "all" %>
    6:     <%= javascript_include_tag "application" %>
    7:     <%= csrf_meta_tags %>
    8:     <meta charset="utf-8">            
  app/views/layouts/application.html.erb:5:in `_app_views_layouts_application_html_erb___4313643894289655138_41441340'
  app/controllers/application_controller.rb:26:in `block in <class:ApplicationController>'


Started GET "/" for 189.244.40.140 at 2014-02-06 10:58:15 -0700
Processing by WelcomeController#index as HTML
  Rendered welcome/index.html.erb within layouts/application (0.2ms)
  Rendered welcome/index.html.erb within layouts/application (0.3ms)
Completed 500 Internal Server Error in 51ms

ActionView::Template::Error (application.css isn't precompiled):
    2: <!DOCTYPE html>
    3: <html lang="en">
    4:   <head>
    5:     <%= stylesheet_link_tag    "application", :media => "all" %>
    6:     <%= javascript_include_tag "application" %>
    7:     <%= csrf_meta_tags %>
    8:     <meta charset="utf-8">            
  app/views/layouts/application.html.erb:5:in `_app_views_layouts_application_html_erb___4313643894289655138_41441340'
  app/controllers/application_controller.rb:26:in `block in <class:ApplicationController>'


Started GET "/" for 189.244.40.140 at 2014-02-06 10:58:18 -0700
Processing by WelcomeController#index as HTML
  Rendered welcome/index.html.erb within layouts/application (0.2ms)
  Rendered welcome/index.html.erb within layouts/application (0.3ms)
Completed 500 Internal Server Error in 90ms

ActionView::Template::Error (application.css isn't precompiled):
    2: <!DOCTYPE html>
    3: <html lang="en">
    4:   <head>
    5:     <%= stylesheet_link_tag    "application", :media => "all" %>
    6:     <%= javascript_include_tag "application" %>
    7:     <%= csrf_meta_tags %>
    8:     <meta charset="utf-8">            
  app/views/layouts/application.html.erb:5:in `_app_views_layouts_application_html_erb___4313643894289655138_41441340'
  app/controllers/application_controller.rb:26:in `block in <class:ApplicationController>'


Connecting to database specified by database.yml
Started GET "/" for 189.244.40.140 at 2014-02-06 10:59:00 -0700
Processing by WelcomeController#index as HTML
  Rendered welcome/index.html.erb within layouts/application (3.4ms)
  Rendered devise/shared/_links.erb (2.4ms)
  Rendered devise/shared/_client_links.html.erb (3.0ms)
Completed 200 OK in 170ms (Views: 166.3ms | ActiveRecord: 0.0ms)
Started GET "/" for 189.244.40.140 at 2014-02-06 10:59:16 -0700
Processing by WelcomeController#index as HTML
  Rendered welcome/index.html.erb within layouts/application (0.4ms)
  Rendered devise/shared/_links.erb (1.2ms)
  Rendered devise/shared/_client_links.html.erb (1.4ms)
Completed 200 OK in 9ms (Views: 8.6ms | ActiveRecord: 0.0ms)
Started GET "/" for 189.244.40.140 at 2014-02-06 10:59:20 -0700
Processing by WelcomeController#index as HTML
  Rendered welcome/index.html.erb within layouts/application (0.2ms)
  Rendered devise/shared/_links.erb (1.1ms)
  Rendered devise/shared/_client_links.html.erb (1.3ms)
Completed 200 OK in 8ms (Views: 7.4ms | ActiveRecord: 0.0ms)
Connecting to database specified by database.yml
Started GET "/" for 189.244.40.140 at 2014-02-06 10:59:31 -0700
Processing by WelcomeController#index as HTML
  Rendered welcome/index.html.erb within layouts/application (3.4ms)
  Rendered devise/shared/_links.erb (2.5ms)
  Rendered devise/shared/_client_links.html.erb (2.8ms)
Completed 200 OK in 135ms (Views: 131.5ms | ActiveRecord: 0.0ms)
Started GET "/clients/sign_in" for 189.244.40.140 at 2014-02-06 10:59:33 -0700
Processing by Devise::SessionsController#new as HTML
  Rendered devise/sessions/new.html.erb within layouts/application (6.1ms)
  Rendered devise/shared/_links.erb (0.9ms)
  Rendered devise/shared/_client_links.html.erb (1.1ms)
Completed 200 OK in 102ms (Views: 17.0ms | ActiveRecord: 19.2ms)
Started POST "/clients/sign_in" for 189.244.40.140 at 2014-02-06 10:59:41 -0700
Processing by Devise::SessionsController#create as HTML
  Parameters: {"utf8"=>"", "authenticity_token"=>"M7G8n1U4M95HQI5bX+8mRT6PnmLVcAWhl+a+EfxXLKc=", "client"=>{"login"=>"administrator", "password"=>"[FILTERED]"}, "commit"=>"Iniciar Sesin"}
Completed 401 Unauthorized in 17ms
Processing by Devise::SessionsController#new as HTML
  Parameters: {"utf8"=>"", "authenticity_token"=>"M7G8n1U4M95HQI5bX+8mRT6PnmLVcAWhl+a+EfxXLKc=", "client"=>{"login"=>"administrator", "password"=>"[FILTERED]"}, "commit"=>"Iniciar Sesin"}
  Rendered devise/sessions/new.html.erb within layouts/application (3.3ms)
  Rendered devise/shared/_links.erb (0.8ms)
  Rendered devise/shared/_client_links.html.erb (1.1ms)
Completed 200 OK in 171ms (Views: 54.4ms | ActiveRecord: 0.0ms)
Started POST "/clients/sign_in" for 189.244.40.140 at 2014-02-06 10:59:45 -0700
Processing by Devise::SessionsController#create as HTML
  Parameters: {"utf8"=>"", "authenticity_token"=>"M7G8n1U4M95HQI5bX+8mRT6PnmLVcAWhl+a+EfxXLKc=", "client"=>{"login"=>"administrator", "password"=>"[FILTERED]"}, "commit"=>"Iniciar Sesin"}
Completed 401 Unauthorized in 8ms
Processing by Devise::SessionsController#new as HTML
  Parameters: {"utf8"=>"", "authenticity_token"=>"M7G8n1U4M95HQI5bX+8mRT6PnmLVcAWhl+a+EfxXLKc=", "client"=>{"login"=>"administrator", "password"=>"[FILTERED]"}, "commit"=>"Iniciar Sesin"}
  Rendered devise/sessions/new.html.erb within layouts/application (9.0ms)
  Rendered devise/shared/_links.erb (0.8ms)
  Rendered devise/shared/_client_links.html.erb (6.9ms)
Completed 200 OK in 147ms (Views: 21.4ms | ActiveRecord: 0.0ms)
Started POST "/clients/sign_in" for 189.244.40.140 at 2014-02-06 10:59:51 -0700
Processing by Devise::SessionsController#create as HTML
  Parameters: {"utf8"=>"", "authenticity_token"=>"M7G8n1U4M95HQI5bX+8mRT6PnmLVcAWhl+a+EfxXLKc=", "client"=>{"login"=>"administrator", "password"=>"[FILTERED]"}, "commit"=>"Iniciar Sesin"}
Completed 401 Unauthorized in 2ms
Processing by Devise::SessionsController#new as HTML
  Parameters: {"utf8"=>"", "authenticity_token"=>"M7G8n1U4M95HQI5bX+8mRT6PnmLVcAWhl+a+EfxXLKc=", "client"=>{"login"=>"administrator", "password"=>"[FILTERED]"}, "commit"=>"Iniciar Sesin"}
  Rendered devise/sessions/new.html.erb within layouts/application (2.3ms)
  Rendered devise/shared/_links.erb (0.7ms)
  Rendered devise/shared/_client_links.html.erb (0.9ms)
Completed 200 OK in 125ms (Views: 8.3ms | ActiveRecord: 0.0ms)
Started POST "/clients/sign_in" for 189.244.40.140 at 2014-02-06 11:00:00 -0700
Processing by Devise::SessionsController#create as HTML
  Parameters: {"utf8"=>"", "authenticity_token"=>"M7G8n1U4M95HQI5bX+8mRT6PnmLVcAWhl+a+EfxXLKc=", "client"=>{"login"=>"administrator", "password"=>"[FILTERED]"}, "commit"=>"Iniciar Sesin"}
Completed 401 Unauthorized in 2ms
Processing by Devise::SessionsController#new as HTML
  Parameters: {"utf8"=>"", "authenticity_token"=>"M7G8n1U4M95HQI5bX+8mRT6PnmLVcAWhl+a+EfxXLKc=", "client"=>{"login"=>"administrator", "password"=>"[FILTERED]"}, "commit"=>"Iniciar Sesin"}
  Rendered devise/sessions/new.html.erb within layouts/application (2.3ms)
  Rendered devise/shared/_links.erb (0.7ms)
  Rendered devise/shared/_client_links.html.erb (0.9ms)
Completed 200 OK in 131ms (Views: 8.1ms | ActiveRecord: 0.0ms)
Started POST "/clients/sign_in" for 189.244.40.140 at 2014-02-06 11:00:04 -0700
Processing by Devise::SessionsController#create as HTML
  Parameters: {"utf8"=>"", "authenticity_token"=>"M7G8n1U4M95HQI5bX+8mRT6PnmLVcAWhl+a+EfxXLKc=", "client"=>{"login"=>"administrator", "password"=>"[FILTERED]"}, "commit"=>"Iniciar Sesin"}
Completed 401 Unauthorized in 2ms
Processing by Devise::SessionsController#new as HTML
  Parameters: {"utf8"=>"", "authenticity_token"=>"M7G8n1U4M95HQI5bX+8mRT6PnmLVcAWhl+a+EfxXLKc=", "client"=>{"login"=>"administrator", "password"=>"[FILTERED]"}, "commit"=>"Iniciar Sesin"}
  Rendered devise/sessions/new.html.erb within layouts/application (2.3ms)
  Rendered devise/shared/_links.erb (0.8ms)
  Rendered devise/shared/_client_links.html.erb (0.9ms)
Completed 200 OK in 125ms (Views: 8.5ms | ActiveRecord: 0.0ms)
Started POST "/clients/sign_in" for 189.244.40.140 at 2014-02-06 11:00:09 -0700
Processing by Devise::SessionsController#create as HTML
  Parameters: {"utf8"=>"", "authenticity_token"=>"M7G8n1U4M95HQI5bX+8mRT6PnmLVcAWhl+a+EfxXLKc=", "client"=>{"login"=>"administrator", "password"=>"[FILTERED]"}, "commit"=>"Iniciar Sesin"}
Completed 401 Unauthorized in 2ms
Processing by Devise::SessionsController#new as HTML
  Parameters: {"utf8"=>"", "authenticity_token"=>"M7G8n1U4M95HQI5bX+8mRT6PnmLVcAWhl+a+EfxXLKc=", "client"=>{"login"=>"administrator", "password"=>"[FILTERED]"}, "commit"=>"Iniciar Sesin"}
  Rendered devise/sessions/new.html.erb within layouts/application (2.3ms)
  Rendered devise/shared/_links.erb (0.7ms)
  Rendered devise/shared/_client_links.html.erb (0.9ms)
Completed 200 OK in 126ms (Views: 8.0ms | ActiveRecord: 0.0ms)
Started POST "/clients/sign_in" for 189.244.40.140 at 2014-02-06 11:00:13 -0700
Processing by Devise::SessionsController#create as HTML
  Parameters: {"utf8"=>"", "authenticity_token"=>"M7G8n1U4M95HQI5bX+8mRT6PnmLVcAWhl+a+EfxXLKc=", "client"=>{"login"=>"administrator", "password"=>"[FILTERED]"}, "commit"=>"Iniciar Sesin"}
Completed 401 Unauthorized in 2ms
Processing by Devise::SessionsController#new as HTML
  Parameters: {"utf8"=>"", "authenticity_token"=>"M7G8n1U4M95HQI5bX+8mRT6PnmLVcAWhl+a+EfxXLKc=", "client"=>{"login"=>"administrator", "password"=>"[FILTERED]"}, "commit"=>"Iniciar Sesin"}
  Rendered devise/sessions/new.html.erb within layouts/application (2.8ms)
  Rendered devise/shared/_links.erb (0.7ms)
  Rendered devise/shared/_client_links.html.erb (0.9ms)
Completed 200 OK in 125ms (Views: 8.5ms | ActiveRecord: 0.0ms)
Connecting to database specified by database.yml
Connecting to database specified by database.yml
